#
# A fatal error has been detected by the Java Runtime Environment:
#
#  EXCEPTION_ACCESS_VIOLATION (0xc0000005) at pc=0x00007ffb78e70da0, pid=19424, tid=16628
#
# JRE version: OpenJDK Runtime Environment (17.0.10) (build 17.0.10+0--11572160)
# Java VM: OpenJDK 64-Bit Server VM (17.0.10+0--11572160, mixed mode, tiered, compressed oops, compressed class ptrs, g1 gc, windows-amd64)
# Problematic frame:
# V  [jvm.dll+0x370da0]
#
# No core dump will be written. Minidumps are not enabled by default on client versions of Windows
#
# If you would like to submit a bug report, please visit:
#   https://bugreport.java.com/bugreport/crash.jsp
#

---------------  S U M M A R Y ------------

Command Line: --add-opens=java.base/java.util=ALL-UNNAMED --add-opens=java.base/java.lang=ALL-UNNAMED --add-opens=java.base/java.lang.invoke=ALL-UNNAMED --add-opens=java.prefs/java.util.prefs=ALL-UNNAMED --add-opens=java.base/java.nio.charset=ALL-UNNAMED --add-opens=java.base/java.net=ALL-UNNAMED --add-opens=java.base/java.util.concurrent.atomic=ALL-UNNAMED -Xmx2048m -Dfile.encoding=UTF-8 -Duser.country=US -Duser.language=en -Duser.variant -javaagent:C:\Users\NDog\.gradle\wrapper\dists\gradle-8.6-bin\afr5mpiioh2wthjmwnkmdsd5w\gradle-8.6\lib\agents\gradle-instrumentation-agent-8.6.jar org.gradle.launcher.daemon.bootstrap.GradleDaemon 8.6

Host: 12th Gen Intel(R) Core(TM) i5-12400, 12 cores, 31G,  Windows 11 , 64 bit Build 22621 (10.0.22621.3672)
Time: Fri Jun 14 12:10:50 2024 New Zealand Standard Time elapsed time: 3.501609 seconds (0d 0h 0m 3s)

---------------  T H R E A D  ---------------

Current thread (0x000001db4e386590):  JavaThread "C2 CompilerThread1" daemon [_thread_in_native, id=16628, stack(0x0000003dcaa00000,0x0000003dcab00000)]


Current CompileTask:
C2:   3501 5359   !   4       java.net.URLClassLoader::findClass (47 bytes)

Stack: [0x0000003dcaa00000,0x0000003dcab00000],  sp=0x0000003dcaafbc40,  free space=1007k
Native frames: (J=compiled Java code, j=interpreted, Vv=VM code, C=native code)
V  [jvm.dll+0x370da0]
V  [jvm.dll+0x36a121]
V  [jvm.dll+0x1be03f]
V  [jvm.dll+0x21dbf9]
V  [jvm.dll+0x21cec1]
V  [jvm.dll+0x1a60ad]
V  [jvm.dll+0x22cd78]
V  [jvm.dll+0x22aeb0]
V  [jvm.dll+0x7f6917]
V  [jvm.dll+0x7f0d1a]
V  [jvm.dll+0x687d05]
C  [ucrtbase.dll+0x29333]
C  [KERNEL32.DLL+0x1257d]
C  [ntdll.dll+0x5af28]


siginfo: EXCEPTION_ACCESS_VIOLATION (0xc0000005), reading address 0xffffffffffffffff


Registers:
RAX=0x0000000000000000, RBX=0x0000003dcaafbc90, RCX=0x0000000000000000, RDX=0x00107ffb79694198
RSP=0x0000003dcaafbc40, RBP=0x0000003dcaafbda0, RSI=0x00007ffb79694198, RDI=0x000000000000000b
R8 =0x000001db561b6310, R9 =0x0000000000000004, R10=0x0000000000000003, R11=0x000001db53a12740
R12=0x0000000000000000, R13=0x000001db571cc198, R14=0x000000000000001e, R15=0x00007ffb79694198
RIP=0x00007ffb78e70da0, EFLAGS=0x0000000000010246


Register to memory mapping:

RIP=0x00007ffb78e70da0 jvm.dll
RAX=0x0 is NULL
RBX=0x0000003dcaafbc90 is pointing into the stack for thread: 0x000001db4e386590
RCX=0x0 is NULL
RDX=0x00107ffb79694198 is an unknown value
RSP=0x0000003dcaafbc40 is pointing into the stack for thread: 0x000001db4e386590
RBP=0x0000003dcaafbda0 is pointing into the stack for thread: 0x000001db4e386590
RSI=0x00007ffb79694198 jvm.dll
RDI=0x000000000000000b is an unknown value
R8 =0x000001db561b6310 points into unknown readable memory: 0x000000180000001c | 1c 00 00 00 18 00 00 00
R9 =0x0000000000000004 is an unknown value
R10=0x0000000000000003 is an unknown value
R11=0x000001db53a12740 points into unknown readable memory: 0x0000000000000000 | 00 00 00 00 00 00 00 00
R12=0x0 is NULL
R13=0x000001db571cc198 points into unknown readable memory: 0x880003009b7c62db | db 62 7c 9b 00 03 00 88
R14=0x000000000000001e is an unknown value
R15=0x00007ffb79694198 jvm.dll


Top of Stack: (sp=0x0000003dcaafbc40)
0x0000003dcaafbc40:   000001db4e389a60 000001db53b20d00
0x0000003dcaafbc50:   00000000002c86e0 00007ffb794711a8
0x0000003dcaafbc60:   000001db561b61d0 00007ffb78e6a121
0x0000003dcaafbc70:   000000000000179e 000000000000179e
0x0000003dcaafbc80:   000001db4e389a00 0000000000000000
0x0000003dcaafbc90:   0000000000000000 0000000400000000
0x0000003dcaafbca0:   0000001800000000 00107ffb79694198
0x0000003dcaafbcb0:   000001db5943f1a0 000001db561b6310
0x0000003dcaafbcc0:   000001db571cbdc0 0000000000000000
0x0000003dcaafbcd0:   0000003dcaafbde0 00007ffb78cbe03f
0x0000003dcaafbce0:   0000003dcaafc130 0000003dcaafc210
0x0000003dcaafbcf0:   00000000000003d8 000001db571cbdb0
0x0000003dcaafbd00:   0000003d00000000 000000000000000d
0x0000003dcaafbd10:   0000000000000006 000001db571cbdb0
0x0000003dcaafbd20:   000001db5a260100 000001db5a262750
0x0000003dcaafbd30:   000001db5a2680e8 0000000000ced670
0x0000003dcaafbd40:   0000000000000000 0000000000000000
0x0000003dcaafbd50:   0000000000000000 000001db551e3800
0x0000003dcaafbd60:   0000000000000000 00007ffb7943f058
0x0000003dcaafbd70:   0000000000000000 0000003dcaafea80
0x0000003dcaafbd80:   0000000000000000 00007ffb7943f058
0x0000003dcaafbd90:   000001db00000000 00000000000001e4
0x0000003dcaafbda0:   000001db0000000c 0000003dcaafea80
0x0000003dcaafbdb0:   000001db560ca050 0000000078e37d00
0x0000003dcaafbdc0:   000001db5b01c050 00000000000031ef
0x0000003dcaafbdd0:   0000003dcaafbd10 000001db571cbdc0
0x0000003dcaafbde0:   00007ffb7943f028 000000000000000d
0x0000003dcaafbdf0:   0000003dcaafea80 0000003dcaafc130
0x0000003dcaafbe00:   0000000000002cae 000001db4e389a60
0x0000003dcaafbe10:   00007ffb0000000a 0000003dcaafea80
0x0000003dcaafbe20:   000001db58d32600 0000000000000000
0x0000003dcaafbe30:   000001db5a1802d0 000001db55c4fda0 

Instructions: (pc=0x00007ffb78e70da0)
0x00007ffb78e70ca0:   48 8b a8 80 00 00 00 48 8b 8d d0 08 00 00 48 85
0x00007ffb78e70cb0:   c9 75 0c e8 e8 0b 00 00 48 8b 8d d0 08 00 00 48
0x00007ffb78e70cc0:   8b 01 0f 57 c0 48 89 85 d0 08 00 00 0f 11 01 0f
0x00007ffb78e70cd0:   11 41 10 41 0f 10 06 0f 11 01 41 0f 10 4e 10 0f
0x00007ffb78e70ce0:   11 49 10 48 8b 43 08 48 89 0c 06 ff c7 ba 50 00
0x00007ffb78e70cf0:   00 00 3b bb 90 00 00 00 0f 82 62 ff ff ff 4c 8b
0x00007ffb78e70d00:   74 24 60 4c 8b 6c 24 58 4c 8b 64 24 50 48 8b c3
0x00007ffb78e70d10:   48 83 c4 20 41 5f 5f 5e 5d 5b c3 cc cc cc cc cc
0x00007ffb78e70d20:   40 53 48 83 ec 20 8b 51 0c 48 8b d9 83 fa 04 73
0x00007ffb78e70d30:   2a 4c 8b 59 18 66 66 66 0f 1f 84 00 00 00 00 00
0x00007ffb78e70d40:   44 8b d2 44 8d 4a 01 4b 83 3c d3 00 0f 85 8f 00
0x00007ffb78e70d50:   00 00 41 8b d1 41 83 f9 04 72 e5 48 89 74 24 30
0x00007ffb78e70d60:   48 89 7c 24 38 8b 79 10 3b 79 14 73 62 48 8d 35
0x00007ffb78e70d70:   24 34 82 00 0f 1f 40 00 0f 1f 84 00 00 00 00 00
0x00007ffb78e70d80:   48 8b 43 20 8b cf 48 8b 14 c8 48 3b d6 74 39 33
0x00007ffb78e70d90:   c0 48 89 53 18 33 c9 66 0f 1f 84 00 00 00 00 00
0x00007ffb78e70da0:   48 83 3c 11 00 44 8d 48 01 75 6f 48 83 c1 08 41
0x00007ffb78e70db0:   8b c1 41 83 f9 04 72 e8 48 8b 4b 28 48 85 c9 74
0x00007ffb78e70dc0:   07 8b d7 e8 58 01 00 00 ff c7 3b 7b 14 72 b1 48
0x00007ffb78e70dd0:   8b 74 24 30 33 c0 48 8b 7c 24 38 48 83 c4 20 5b
0x00007ffb78e70de0:   c3 8b 41 10 44 8d 04 82 41 c1 e0 06 41 81 c0 00
0x00007ffb78e70df0:   ff ff ff 44 89 41 08 4b 8b 14 d3 48 0f bc c2 44
0x00007ffb78e70e00:   89 49 0c 8b c8 48 d3 ea 48 ff ca 41 03 c0 48 89
0x00007ffb78e70e10:   13 89 43 08 48 83 c4 20 5b c3 48 8b 74 24 30 44
0x00007ffb78e70e20:   8d 04 b8 8b c8 8d 47 01 48 8b 7c 24 38 41 c1 e0
0x00007ffb78e70e30:   06 44 89 43 08 48 8b 14 ca 89 43 10 48 0f bc c2
0x00007ffb78e70e40:   44 89 4b 0c 8b c8 48 d3 ea 48 ff ca 41 03 c0 48
0x00007ffb78e70e50:   89 13 89 43 08 48 83 c4 20 5b c3 cc cc cc cc cc
0x00007ffb78e70e60:   40 53 48 83 ec 20 65 48 8b 04 25 58 00 00 00 8b
0x00007ffb78e70e70:   0d c3 25 87 00 48 8b 1c c8 b8 50 00 00 00 80 3c
0x00007ffb78e70e80:   18 00 75 05 e8 3f d0 52 00 b8 20 00 00 00 48 8b
0x00007ffb78e70e90:   04 18 48 8b 88 e0 04 00 00 48 8b 99 80 00 00 00 


Stack slot to memory mapping:
stack at sp + 0 slots: 0x000001db4e389a60 points into unknown readable memory: 0x0000000000000006 | 06 00 00 00 00 00 00 00
stack at sp + 1 slots: 0x000001db53b20d00 points into unknown readable memory: 0x000001db571ce998 | 98 e9 1c 57 db 01 00 00
stack at sp + 2 slots: 0x00000000002c86e0 is an unknown value
stack at sp + 3 slots: 0x00007ffb794711a8 jvm.dll
stack at sp + 4 slots: 0x000001db561b61d0 points into unknown readable memory: 0x000000180000001a | 1a 00 00 00 18 00 00 00
stack at sp + 5 slots: 0x00007ffb78e6a121 jvm.dll
stack at sp + 6 slots: 0x000000000000179e is an unknown value
stack at sp + 7 slots: 0x000000000000179e is an unknown value


---------------  P R O C E S S  ---------------

Threads class SMR info:
_java_thread_list=0x000001db57cd3ab0, length=56, elements={
0x000001db33a6f7c0, 0x000001db4de5a010, 0x000001db4de5b540, 0x000001db4de7f290,
0x000001db4de7ff20, 0x000001db4de841a0, 0x000001db4de84b60, 0x000001db4de88860,
0x000001db4de8cfb0, 0x000001db4de8e150, 0x000001db4df63410, 0x000001db4e0a9670,
0x000001db4e386590, 0x000001db4e8953b0, 0x000001db53917890, 0x000001db53f33c50,
0x000001db54cd97c0, 0x000001db5503d570, 0x000001db54c1a2a0, 0x000001db54cd0c90,
0x000001db5477cad0, 0x000001db54c618b0, 0x000001db54224c40, 0x000001db542274c0,
0x000001db54225660, 0x000001db54226590, 0x000001db54227ee0, 0x000001db54225150,
0x000001db54226080, 0x000001db54224730, 0x000001db54226aa0, 0x000001db54226fb0,
0x000001db542279d0, 0x000001db54e21d30, 0x000001db54e22240, 0x000001db54e22750,
0x000001db54e22c60, 0x000001db54e208f0, 0x000001db54e23170, 0x000001db54e23680,
0x000001db54e1fed0, 0x000001db54e203e0, 0x000001db54e20e00, 0x000001db54e21310,
0x000001db54e21820, 0x000001db55158580, 0x000001db551548c0, 0x000001db55154dd0,
0x000001db55156720, 0x000001db55152a60, 0x000001db55157650, 0x000001db55153ea0,
0x000001db55155d00, 0x000001db55156c30, 0x000001db55153990, 0x000001db55158070
}

Java Threads: ( => current thread )
  0x000001db33a6f7c0 JavaThread "main" [_thread_blocked, id=22608, stack(0x0000003dc9700000,0x0000003dc9800000)]
  0x000001db4de5a010 JavaThread "Reference Handler" daemon [_thread_blocked, id=13564, stack(0x0000003dc9e00000,0x0000003dc9f00000)]
  0x000001db4de5b540 JavaThread "Finalizer" daemon [_thread_blocked, id=6004, stack(0x0000003dc9f00000,0x0000003dca000000)]
  0x000001db4de7f290 JavaThread "Signal Dispatcher" daemon [_thread_blocked, id=25556, stack(0x0000003dca000000,0x0000003dca100000)]
  0x000001db4de7ff20 JavaThread "Attach Listener" daemon [_thread_blocked, id=24068, stack(0x0000003dca100000,0x0000003dca200000)]
  0x000001db4de841a0 JavaThread "Service Thread" daemon [_thread_blocked, id=8836, stack(0x0000003dca200000,0x0000003dca300000)]
  0x000001db4de84b60 JavaThread "Monitor Deflation Thread" daemon [_thread_blocked, id=13800, stack(0x0000003dca300000,0x0000003dca400000)]
  0x000001db4de88860 JavaThread "C2 CompilerThread0" daemon [_thread_in_native, id=17484, stack(0x0000003dca400000,0x0000003dca500000)]
  0x000001db4de8cfb0 JavaThread "C1 CompilerThread0" daemon [_thread_blocked, id=5192, stack(0x0000003dca500000,0x0000003dca600000)]
  0x000001db4de8e150 JavaThread "Sweeper thread" daemon [_thread_blocked, id=21024, stack(0x0000003dca600000,0x0000003dca700000)]
  0x000001db4df63410 JavaThread "Common-Cleaner" daemon [_thread_blocked, id=11020, stack(0x0000003dca700000,0x0000003dca800000)]
  0x000001db4e0a9670 JavaThread "Notification Thread" daemon [_thread_blocked, id=21416, stack(0x0000003dca800000,0x0000003dca900000)]
=>0x000001db4e386590 JavaThread "C2 CompilerThread1" daemon [_thread_in_native, id=16628, stack(0x0000003dcaa00000,0x0000003dcab00000)]
  0x000001db4e8953b0 JavaThread "C2 CompilerThread2" daemon [_thread_in_native, id=4196, stack(0x0000003dcab00000,0x0000003dcac00000)]
  0x000001db53917890 JavaThread "Daemon health stats" [_thread_blocked, id=1916, stack(0x0000003dcb500000,0x0000003dcb600000)]
  0x000001db53f33c50 JavaThread "Incoming local TCP Connector on port 53975" [_thread_in_native, id=22620, stack(0x0000003dcb600000,0x0000003dcb700000)]
  0x000001db54cd97c0 JavaThread "Daemon periodic checks" [_thread_blocked, id=20636, stack(0x0000003dcb700000,0x0000003dcb800000)]
  0x000001db5503d570 JavaThread "Daemon" [_thread_blocked, id=6856, stack(0x0000003dcb800000,0x0000003dcb900000)]
  0x000001db54c1a2a0 JavaThread "Handler for socket connection from /127.0.0.1:53975 to /127.0.0.1:53976" [_thread_in_native, id=14916, stack(0x0000003dcb900000,0x0000003dcba00000)]
  0x000001db54cd0c90 JavaThread "Cancel handler" [_thread_blocked, id=12892, stack(0x0000003dcba00000,0x0000003dcbb00000)]
  0x000001db5477cad0 JavaThread "Daemon worker" [_thread_in_vm, id=12972, stack(0x0000003dcbb00000,0x0000003dcbc00000)]
  0x000001db54c618b0 JavaThread "Asynchronous log dispatcher for DefaultDaemonConnection: socket connection from /127.0.0.1:53975 to /127.0.0.1:53976" [_thread_blocked, id=14572, stack(0x0000003dcbc00000,0x0000003dcbd00000)]
  0x000001db54224c40 JavaThread "Stdin handler" [_thread_blocked, id=17728, stack(0x0000003dcbd00000,0x0000003dcbe00000)]
  0x000001db542274c0 JavaThread "Daemon client event forwarder" [_thread_blocked, id=15212, stack(0x0000003dcbe00000,0x0000003dcbf00000)]
  0x000001db54225660 JavaThread "Cache worker for journal cache (C:\Users\NDog\.gradle\caches\journal-1)" [_thread_blocked, id=15696, stack(0x0000003dcc100000,0x0000003dcc200000)]
  0x000001db54226590 JavaThread "File lock request listener" [_thread_in_native, id=12780, stack(0x0000003dcc200000,0x0000003dcc300000)]
  0x000001db54227ee0 JavaThread "Cache worker for file hash cache (C:\Users\NDog\.gradle\caches\8.6\fileHashes)" [_thread_blocked, id=25140, stack(0x0000003dcc300000,0x0000003dcc400000)]
  0x000001db54225150 JavaThread "File watcher server" daemon [_thread_in_native, id=5820, stack(0x0000003dcc400000,0x0000003dcc500000)]
  0x000001db54226080 JavaThread "File watcher consumer" daemon [_thread_blocked, id=15672, stack(0x0000003dcc500000,0x0000003dcc600000)]
  0x000001db54224730 JavaThread "jar transforms" [_thread_blocked, id=1748, stack(0x0000003dcc600000,0x0000003dcc700000)]
  0x000001db54226aa0 JavaThread "jar transforms Thread 2" [_thread_blocked, id=18584, stack(0x0000003dcc700000,0x0000003dcc800000)]
  0x000001db54226fb0 JavaThread "jar transforms Thread 3" [_thread_blocked, id=7508, stack(0x0000003dcc800000,0x0000003dcc900000)]
  0x000001db542279d0 JavaThread "jar transforms Thread 4" [_thread_blocked, id=1752, stack(0x0000003dcc900000,0x0000003dcca00000)]
  0x000001db54e21d30 JavaThread "jar transforms Thread 5" [_thread_blocked, id=2364, stack(0x0000003dcca00000,0x0000003dccb00000)]
  0x000001db54e22240 JavaThread "jar transforms Thread 6" [_thread_blocked, id=1868, stack(0x0000003dccb00000,0x0000003dccc00000)]
  0x000001db54e22750 JavaThread "jar transforms Thread 7" [_thread_blocked, id=14228, stack(0x0000003dccc00000,0x0000003dccd00000)]
  0x000001db54e22c60 JavaThread "jar transforms Thread 8" [_thread_blocked, id=4420, stack(0x0000003dccd00000,0x0000003dcce00000)]
  0x000001db54e208f0 JavaThread "jar transforms Thread 9" [_thread_blocked, id=9252, stack(0x0000003dcce00000,0x0000003dccf00000)]
  0x000001db54e23170 JavaThread "jar transforms Thread 10" [_thread_blocked, id=17192, stack(0x0000003dccf00000,0x0000003dcd000000)]
  0x000001db54e23680 JavaThread "jar transforms Thread 11" [_thread_blocked, id=22664, stack(0x0000003dcd000000,0x0000003dcd100000)]
  0x000001db54e1fed0 JavaThread "jar transforms Thread 12" [_thread_blocked, id=5172, stack(0x0000003dcd100000,0x0000003dcd200000)]
  0x000001db54e203e0 JavaThread "Cache worker for checksums cache (C:\Users\NDog\AndroidStudioProjects\app\.gradle\8.6\checksums)" [_thread_blocked, id=11668, stack(0x0000003dcd200000,0x0000003dcd300000)]
  0x000001db54e20e00 JavaThread "Cache worker for file hash cache (C:\Users\NDog\AndroidStudioProjects\app\.gradle\8.6\fileHashes)" [_thread_blocked, id=4576, stack(0x0000003dcd300000,0x0000003dcd400000)]
  0x000001db54e21310 JavaThread "Cache worker for cache directory md-supplier (C:\Users\NDog\.gradle\caches\8.6\md-supplier)" [_thread_blocked, id=908, stack(0x0000003dcd400000,0x0000003dcd500000)]
  0x000001db54e21820 JavaThread "Cache worker for cache directory md-rule (C:\Users\NDog\.gradle\caches\8.6\md-rule)" [_thread_blocked, id=24404, stack(0x0000003dcd500000,0x0000003dcd600000)]
  0x000001db55158580 JavaThread "Cache worker for file content cache (C:\Users\NDog\.gradle\caches\8.6\fileContent)" [_thread_blocked, id=22848, stack(0x0000003dcd700000,0x0000003dcd800000)]
  0x000001db551548c0 JavaThread "Unconstrained build operations" [_thread_blocked, id=3676, stack(0x0000003dcd800000,0x0000003dcd900000)]
  0x000001db55154dd0 JavaThread "Unconstrained build operations Thread 2" [_thread_blocked, id=11764, stack(0x0000003dcd900000,0x0000003dcda00000)]
  0x000001db55156720 JavaThread "Unconstrained build operations Thread 3" [_thread_blocked, id=10372, stack(0x0000003dcda00000,0x0000003dcdb00000)]
  0x000001db55152a60 JavaThread "Unconstrained build operations Thread 4" [_thread_blocked, id=18748, stack(0x0000003dcdb00000,0x0000003dcdc00000)]
  0x000001db55157650 JavaThread "Unconstrained build operations Thread 5" [_thread_blocked, id=12540, stack(0x0000003dcdc00000,0x0000003dcdd00000)]
  0x000001db55153ea0 JavaThread "Unconstrained build operations Thread 6" [_thread_blocked, id=10744, stack(0x0000003dcdd00000,0x0000003dcde00000)]
  0x000001db55155d00 JavaThread "Unconstrained build operations Thread 7" [_thread_blocked, id=21512, stack(0x0000003dcde00000,0x0000003dcdf00000)]
  0x000001db55156c30 JavaThread "Unconstrained build operations Thread 8" [_thread_blocked, id=10752, stack(0x0000003dcdf00000,0x0000003dce000000)]
  0x000001db55153990 JavaThread "Unconstrained build operations Thread 9" [_thread_blocked, id=11444, stack(0x0000003dce000000,0x0000003dce100000)]
  0x000001db55158070 JavaThread "Cache worker for Build Output Cleanup Cache (C:\Users\NDog\AndroidStudioProjects\app\.gradle\buildOutputCleanup)" [_thread_blocked, id=13648, stack(0x0000003dce100000,0x0000003dce200000)]

Other Threads:
  0x000001db4dde03b0 VMThread "VM Thread" [stack: 0x0000003dc9d00000,0x0000003dc9e00000] [id=23608]
  0x000001db4e368090 WatcherThread [stack: 0x0000003dca900000,0x0000003dcaa00000] [id=21804]
  0x000001db33acaef0 GCTaskThread "GC Thread#0" [stack: 0x0000003dc9800000,0x0000003dc9900000] [id=15116]
  0x000001db4e522710 GCTaskThread "GC Thread#1" [stack: 0x0000003dcac00000,0x0000003dcad00000] [id=16236]
  0x000001db4e5229d0 GCTaskThread "GC Thread#2" [stack: 0x0000003dcad00000,0x0000003dcae00000] [id=14100]
  0x000001db4e5bdf70 GCTaskThread "GC Thread#3" [stack: 0x0000003dcae00000,0x0000003dcaf00000] [id=14104]
  0x000001db4e5be230 GCTaskThread "GC Thread#4" [stack: 0x0000003dcaf00000,0x0000003dcb000000] [id=3300]
  0x000001db4e5be4f0 GCTaskThread "GC Thread#5" [stack: 0x0000003dcb000000,0x0000003dcb100000] [id=17188]
  0x000001db4e5be7b0 GCTaskThread "GC Thread#6" [stack: 0x0000003dcb100000,0x0000003dcb200000] [id=15252]
  0x000001db5323ab40 GCTaskThread "GC Thread#7" [stack: 0x0000003dcb200000,0x0000003dcb300000] [id=13052]
  0x000001db5323ae00 GCTaskThread "GC Thread#8" [stack: 0x0000003dcb300000,0x0000003dcb400000] [id=13480]
  0x000001db5323b0c0 GCTaskThread "GC Thread#9" [stack: 0x0000003dcb400000,0x0000003dcb500000] [id=23832]
  0x000001db33adbe40 ConcurrentGCThread "G1 Main Marker" [stack: 0x0000003dc9900000,0x0000003dc9a00000] [id=17236]
  0x000001db33add000 ConcurrentGCThread "G1 Conc#0" [stack: 0x0000003dc9a00000,0x0000003dc9b00000] [id=21672]
  0x000001db5460b350 ConcurrentGCThread "G1 Conc#1" [stack: 0x0000003dcbf00000,0x0000003dcc000000] [id=22524]
  0x000001db5460b610 ConcurrentGCThread "G1 Conc#2" [stack: 0x0000003dcc000000,0x0000003dcc100000] [id=9268]
  0x000001db33b1e850 ConcurrentGCThread "G1 Refine#0" [stack: 0x0000003dc9b00000,0x0000003dc9c00000] [id=21580]
  0x000001db5426a130 ConcurrentGCThread "G1 Refine#1" [stack: 0x0000003dcd600000,0x0000003dcd700000] [id=11788]
  0x000001db4dc8c640 ConcurrentGCThread "G1 Service" [stack: 0x0000003dc9c00000,0x0000003dc9d00000] [id=14888]

Threads with active compile tasks:
C2 CompilerThread0     3526 5367   !   4       java.net.URLClassLoader$1::run (81 bytes)
C2 CompilerThread1     3526 5359   !   4       java.net.URLClassLoader::findClass (47 bytes)
C2 CompilerThread2     3526 5598       4       java.net.URLClassLoader$1::<init> (15 bytes)

VM state: not at safepoint (normal execution)

VM Mutex/Monitor currently owned by a thread: None

Heap address: 0x0000000080000000, size: 2048 MB, Compressed Oops mode: 32-bit

CDS archive(s) not mapped
Compressed class space mapped at: 0x0000000100000000-0x0000000140000000, reserved size: 1073741824
Narrow klass base: 0x0000000000000000, Narrow klass shift: 3, Narrow klass range: 0x140000000

GC Precious Log:
 CPUs: 12 total, 12 available
 Memory: 32540M
 Large Page Support: Disabled
 NUMA Support: Disabled
 Compressed Oops: Enabled (32-bit)
 Heap Region Size: 1M
 Heap Min Capacity: 8M
 Heap Initial Capacity: 510M
 Heap Max Capacity: 2G
 Pre-touch: Disabled
 Parallel Workers: 10
 Concurrent Workers: 3
 Concurrent Refinement Workers: 10
 Periodic GC: Disabled

Heap:
 garbage-first heap   total 153600K, used 70767K [0x0000000080000000, 0x0000000100000000)
  region size 1024K, 13 young (13312K), 8 survivors (8192K)
 Metaspace       used 60670K, committed 61248K, reserved 1114112K
  class space    used 8358K, committed 8640K, reserved 1048576K

Heap Regions: E=young(eden), S=young(survivor), O=old, HS=humongous(starts), HC=humongous(continues), CS=collection set, F=free, OA=open archive, CA=closed archive, TAMS=top-at-mark-start (previous, next)
|   0|0x0000000080000000, 0x0000000080100000, 0x0000000080100000|100%|HS|  |TAMS 0x0000000080100000, 0x0000000080000000| Complete 
|   1|0x0000000080100000, 0x0000000080200000, 0x0000000080200000|100%|HC|  |TAMS 0x0000000080200000, 0x0000000080100000| Complete 
|   2|0x0000000080200000, 0x0000000080300000, 0x0000000080300000|100%|HC|  |TAMS 0x0000000080300000, 0x0000000080200000| Complete 
|   3|0x0000000080300000, 0x0000000080400000, 0x0000000080400000|100%|HC|  |TAMS 0x0000000080400000, 0x0000000080300000| Complete 
|   4|0x0000000080400000, 0x0000000080500000, 0x0000000080500000|100%| O|  |TAMS 0x0000000080500000, 0x0000000080400000| Untracked 
|   5|0x0000000080500000, 0x0000000080600000, 0x0000000080600000|100%| O|  |TAMS 0x0000000080600000, 0x0000000080500000| Untracked 
|   6|0x0000000080600000, 0x0000000080700000, 0x0000000080700000|100%| O|  |TAMS 0x0000000080700000, 0x0000000080600000| Untracked 
|   7|0x0000000080700000, 0x0000000080800000, 0x0000000080800000|100%| O|  |TAMS 0x0000000080800000, 0x0000000080700000| Untracked 
|   8|0x0000000080800000, 0x0000000080900000, 0x0000000080900000|100%| O|  |TAMS 0x0000000080900000, 0x0000000080800000| Untracked 
|   9|0x0000000080900000, 0x0000000080a00000, 0x0000000080a00000|100%| O|  |TAMS 0x0000000080a00000, 0x0000000080900000| Untracked 
|  10|0x0000000080a00000, 0x0000000080a8c400, 0x0000000080b00000| 54%| O|  |TAMS 0x0000000080a8c400, 0x0000000080a00000| Untracked 
|  11|0x0000000080b00000, 0x0000000080c00000, 0x0000000080c00000|100%| O|  |TAMS 0x0000000080c00000, 0x0000000080b00000| Untracked 
|  12|0x0000000080c00000, 0x0000000080d00000, 0x0000000080d00000|100%| O|  |TAMS 0x0000000080d00000, 0x0000000080c00000| Untracked 
|  13|0x0000000080d00000, 0x0000000080e00000, 0x0000000080e00000|100%| O|  |TAMS 0x0000000080e00000, 0x0000000080d00000| Untracked 
|  14|0x0000000080e00000, 0x0000000080f00000, 0x0000000080f00000|100%| O|  |TAMS 0x0000000080f00000, 0x0000000080e00000| Untracked 
|  15|0x0000000080f00000, 0x0000000081000000, 0x0000000081000000|100%| O|  |TAMS 0x0000000081000000, 0x0000000080f00000| Untracked 
|  16|0x0000000081000000, 0x0000000081100000, 0x0000000081100000|100%| O|  |TAMS 0x0000000081100000, 0x0000000081000000| Untracked 
|  17|0x0000000081100000, 0x0000000081200000, 0x0000000081200000|100%| O|  |TAMS 0x0000000081200000, 0x0000000081100000| Untracked 
|  18|0x0000000081200000, 0x0000000081300000, 0x0000000081300000|100%| O|  |TAMS 0x0000000081300000, 0x0000000081200000| Untracked 
|  19|0x0000000081300000, 0x0000000081400000, 0x0000000081400000|100%|HS|  |TAMS 0x0000000081400000, 0x0000000081300000| Complete 
|  20|0x0000000081400000, 0x0000000081500000, 0x0000000081500000|100%|HC|  |TAMS 0x0000000081500000, 0x0000000081400000| Complete 
|  21|0x0000000081500000, 0x0000000081600000, 0x0000000081600000|100%|HS|  |TAMS 0x0000000081600000, 0x0000000081500000| Complete 
|  22|0x0000000081600000, 0x0000000081700000, 0x0000000081700000|100%|HC|  |TAMS 0x0000000081700000, 0x0000000081600000| Complete 
|  23|0x0000000081700000, 0x0000000081800000, 0x0000000081800000|100%|HC|  |TAMS 0x0000000081800000, 0x0000000081700000| Complete 
|  24|0x0000000081800000, 0x0000000081900000, 0x0000000081900000|100%|HS|  |TAMS 0x0000000081900000, 0x0000000081800000| Complete 
|  25|0x0000000081900000, 0x0000000081a00000, 0x0000000081a00000|100%|HC|  |TAMS 0x0000000081a00000, 0x0000000081900000| Complete 
|  26|0x0000000081a00000, 0x0000000081b00000, 0x0000000081b00000|100%|HC|  |TAMS 0x0000000081b00000, 0x0000000081a00000| Complete 
|  27|0x0000000081b00000, 0x0000000081c00000, 0x0000000081c00000|100%|HS|  |TAMS 0x0000000081c00000, 0x0000000081b00000| Complete 
|  28|0x0000000081c00000, 0x0000000081d00000, 0x0000000081d00000|100%|HC|  |TAMS 0x0000000081d00000, 0x0000000081c00000| Complete 
|  29|0x0000000081d00000, 0x0000000081e00000, 0x0000000081e00000|100%|HC|  |TAMS 0x0000000081e00000, 0x0000000081d00000| Complete 
|  30|0x0000000081e00000, 0x0000000081f00000, 0x0000000081f00000|100%| O|  |TAMS 0x0000000081f00000, 0x0000000081e00000| Untracked 
|  31|0x0000000081f00000, 0x0000000082000000, 0x0000000082000000|100%| O|  |TAMS 0x0000000082000000, 0x0000000081f00000| Untracked 
|  32|0x0000000082000000, 0x0000000082100000, 0x0000000082100000|100%| O|  |TAMS 0x0000000082100000, 0x0000000082000000| Untracked 
|  33|0x0000000082100000, 0x0000000082200000, 0x0000000082200000|100%| O|  |TAMS 0x0000000082200000, 0x0000000082100000| Untracked 
|  34|0x0000000082200000, 0x000000008227c800, 0x0000000082300000| 48%| O|  |TAMS 0x0000000082200000, 0x0000000082200000| Untracked 
|  35|0x0000000082300000, 0x0000000082300000, 0x0000000082400000|  0%| F|  |TAMS 0x0000000082300000, 0x0000000082300000| Untracked 
|  36|0x0000000082400000, 0x0000000082400000, 0x0000000082500000|  0%| F|  |TAMS 0x0000000082400000, 0x0000000082400000| Untracked 
|  37|0x0000000082500000, 0x0000000082600000, 0x0000000082600000|100%| O|  |TAMS 0x0000000082600000, 0x0000000082500000| Untracked 
|  38|0x0000000082600000, 0x0000000082700000, 0x0000000082700000|100%| O|  |TAMS 0x0000000082700000, 0x0000000082600000| Untracked 
|  39|0x0000000082700000, 0x0000000082800000, 0x0000000082800000|100%| O|  |TAMS 0x0000000082800000, 0x0000000082700000| Untracked 
|  40|0x0000000082800000, 0x0000000082900000, 0x0000000082900000|100%| O|  |TAMS 0x0000000082900000, 0x0000000082800000| Untracked 
|  41|0x0000000082900000, 0x0000000082a00000, 0x0000000082a00000|100%| O|  |TAMS 0x0000000082900000, 0x0000000082900000| Untracked 
|  42|0x0000000082a00000, 0x0000000082b00000, 0x0000000082b00000|100%| O|  |TAMS 0x0000000082a00000, 0x0000000082a00000| Untracked 
|  43|0x0000000082b00000, 0x0000000082c00000, 0x0000000082c00000|100%| O|  |TAMS 0x0000000082bc8400, 0x0000000082b00000| Untracked 
|  44|0x0000000082c00000, 0x0000000082d00000, 0x0000000082d00000|100%|HS|  |TAMS 0x0000000082c00000, 0x0000000082c00000| Complete 
|  45|0x0000000082d00000, 0x0000000082e00000, 0x0000000082e00000|100%|HC|  |TAMS 0x0000000082d00000, 0x0000000082d00000| Complete 
|  46|0x0000000082e00000, 0x0000000082f00000, 0x0000000082f00000|100%|HC|  |TAMS 0x0000000082e00000, 0x0000000082e00000| Complete 
|  47|0x0000000082f00000, 0x0000000083000000, 0x0000000083000000|100%| O|  |TAMS 0x0000000082f00000, 0x0000000082f00000| Untracked 
|  48|0x0000000083000000, 0x0000000083100000, 0x0000000083100000|100%| O|  |TAMS 0x0000000083000000, 0x0000000083000000| Untracked 
|  49|0x0000000083100000, 0x0000000083200000, 0x0000000083200000|100%| O|  |TAMS 0x0000000083100000, 0x0000000083100000| Untracked 
|  50|0x0000000083200000, 0x0000000083300000, 0x0000000083300000|100%| O|  |TAMS 0x0000000083200000, 0x0000000083200000| Untracked 
|  51|0x0000000083300000, 0x0000000083400000, 0x0000000083400000|100%| O|  |TAMS 0x0000000083300000, 0x0000000083300000| Untracked 
|  52|0x0000000083400000, 0x0000000083500000, 0x0000000083500000|100%| O|  |TAMS 0x0000000083400000, 0x0000000083400000| Untracked 
|  53|0x0000000083500000, 0x0000000083600000, 0x0000000083600000|100%|HS|  |TAMS 0x0000000083500000, 0x0000000083500000| Complete 
|  54|0x0000000083600000, 0x0000000083700000, 0x0000000083700000|100%|HC|  |TAMS 0x0000000083600000, 0x0000000083600000| Complete 
|  55|0x0000000083700000, 0x0000000083800000, 0x0000000083800000|100%|HC|  |TAMS 0x0000000083700000, 0x0000000083700000| Complete 
|  56|0x0000000083800000, 0x0000000083900000, 0x0000000083900000|100%|HS|  |TAMS 0x0000000083800000, 0x0000000083800000| Complete 
|  57|0x0000000083900000, 0x0000000083a00000, 0x0000000083a00000|100%|HC|  |TAMS 0x0000000083900000, 0x0000000083900000| Complete 
|  58|0x0000000083a00000, 0x0000000083b00000, 0x0000000083b00000|100%|HC|  |TAMS 0x0000000083a00000, 0x0000000083a00000| Complete 
|  59|0x0000000083b00000, 0x0000000083c00000, 0x0000000083c00000|100%| O|  |TAMS 0x0000000083b00000, 0x0000000083b00000| Untracked 
|  60|0x0000000083c00000, 0x0000000083cd4600, 0x0000000083d00000| 82%| O|  |TAMS 0x0000000083c00000, 0x0000000083c00000| Untracked 
|  61|0x0000000083d00000, 0x0000000083d00000, 0x0000000083e00000|  0%| F|  |TAMS 0x0000000083d00000, 0x0000000083d00000| Untracked 
|  62|0x0000000083e00000, 0x0000000083e00000, 0x0000000083f00000|  0%| F|  |TAMS 0x0000000083e00000, 0x0000000083e00000| Untracked 
|  63|0x0000000083f00000, 0x0000000083f00000, 0x0000000084000000|  0%| F|  |TAMS 0x0000000083f00000, 0x0000000083f00000| Untracked 
|  64|0x0000000084000000, 0x0000000084000000, 0x0000000084100000|  0%| F|  |TAMS 0x0000000084000000, 0x0000000084000000| Untracked 
|  65|0x0000000084100000, 0x0000000084100000, 0x0000000084200000|  0%| F|  |TAMS 0x0000000084100000, 0x0000000084100000| Untracked 
|  66|0x0000000084200000, 0x0000000084200000, 0x0000000084300000|  0%| F|  |TAMS 0x0000000084200000, 0x0000000084200000| Untracked 
|  67|0x0000000084300000, 0x0000000084300000, 0x0000000084400000|  0%| F|  |TAMS 0x0000000084300000, 0x0000000084300000| Untracked 
|  68|0x0000000084400000, 0x0000000084400000, 0x0000000084500000|  0%| F|  |TAMS 0x0000000084400000, 0x0000000084400000| Untracked 
|  69|0x0000000084500000, 0x0000000084500000, 0x0000000084600000|  0%| F|  |TAMS 0x0000000084500000, 0x0000000084500000| Untracked 
|  70|0x0000000084600000, 0x0000000084600000, 0x0000000084700000|  0%| F|  |TAMS 0x0000000084600000, 0x0000000084600000| Untracked 
|  71|0x0000000084700000, 0x0000000084700000, 0x0000000084800000|  0%| F|  |TAMS 0x0000000084700000, 0x0000000084700000| Untracked 
|  72|0x0000000084800000, 0x0000000084800000, 0x0000000084900000|  0%| F|  |TAMS 0x0000000084800000, 0x0000000084800000| Untracked 
|  73|0x0000000084900000, 0x0000000084900000, 0x0000000084a00000|  0%| F|  |TAMS 0x0000000084900000, 0x0000000084900000| Untracked 
|  74|0x0000000084a00000, 0x0000000084a00000, 0x0000000084b00000|  0%| F|  |TAMS 0x0000000084a00000, 0x0000000084a00000| Untracked 
|  75|0x0000000084b00000, 0x0000000084b00000, 0x0000000084c00000|  0%| F|  |TAMS 0x0000000084b00000, 0x0000000084b00000| Untracked 
|  76|0x0000000084c00000, 0x0000000084c00000, 0x0000000084d00000|  0%| F|  |TAMS 0x0000000084c00000, 0x0000000084c00000| Untracked 
|  77|0x0000000084d00000, 0x0000000084d00000, 0x0000000084e00000|  0%| F|  |TAMS 0x0000000084d00000, 0x0000000084d00000| Untracked 
|  78|0x0000000084e00000, 0x0000000084e00000, 0x0000000084f00000|  0%| F|  |TAMS 0x0000000084e00000, 0x0000000084e00000| Untracked 
|  79|0x0000000084f00000, 0x0000000084f00000, 0x0000000085000000|  0%| F|  |TAMS 0x0000000084f00000, 0x0000000084f00000| Untracked 
|  80|0x0000000085000000, 0x0000000085000000, 0x0000000085100000|  0%| F|  |TAMS 0x0000000085000000, 0x0000000085000000| Untracked 
|  81|0x0000000085100000, 0x0000000085100000, 0x0000000085200000|  0%| F|  |TAMS 0x0000000085100000, 0x0000000085100000| Untracked 
|  82|0x0000000085200000, 0x0000000085200000, 0x0000000085300000|  0%| F|  |TAMS 0x0000000085200000, 0x0000000085200000| Untracked 
|  83|0x0000000085300000, 0x0000000085300000, 0x0000000085400000|  0%| F|  |TAMS 0x0000000085300000, 0x0000000085300000| Untracked 
|  84|0x0000000085400000, 0x0000000085400000, 0x0000000085500000|  0%| F|  |TAMS 0x0000000085400000, 0x0000000085400000| Untracked 
|  85|0x0000000085500000, 0x000000008553ebb0, 0x0000000085600000| 24%| S|CS|TAMS 0x0000000085500000, 0x0000000085500000| Complete 
|  86|0x0000000085600000, 0x0000000085700000, 0x0000000085700000|100%| S|CS|TAMS 0x0000000085600000, 0x0000000085600000| Complete 
|  87|0x0000000085700000, 0x0000000085800000, 0x0000000085800000|100%| S|CS|TAMS 0x0000000085700000, 0x0000000085700000| Complete 
|  88|0x0000000085800000, 0x0000000085900000, 0x0000000085900000|100%| S|CS|TAMS 0x0000000085800000, 0x0000000085800000| Complete 
|  89|0x0000000085900000, 0x0000000085a00000, 0x0000000085a00000|100%| S|CS|TAMS 0x0000000085900000, 0x0000000085900000| Complete 
|  90|0x0000000085a00000, 0x0000000085a00000, 0x0000000085b00000|  0%| F|  |TAMS 0x0000000085a00000, 0x0000000085a00000| Untracked 
|  91|0x0000000085b00000, 0x0000000085b00000, 0x0000000085c00000|  0%| F|  |TAMS 0x0000000085b00000, 0x0000000085b00000| Untracked 
|  92|0x0000000085c00000, 0x0000000085c00000, 0x0000000085d00000|  0%| F|  |TAMS 0x0000000085c00000, 0x0000000085c00000| Untracked 
|  93|0x0000000085d00000, 0x0000000085d00000, 0x0000000085e00000|  0%| F|  |TAMS 0x0000000085d00000, 0x0000000085d00000| Untracked 
|  94|0x0000000085e00000, 0x0000000085e00000, 0x0000000085f00000|  0%| F|  |TAMS 0x0000000085e00000, 0x0000000085e00000| Untracked 
|  95|0x0000000085f00000, 0x0000000086000000, 0x0000000086000000|100%| S|CS|TAMS 0x0000000085f00000, 0x0000000085f00000| Complete 
|  96|0x0000000086000000, 0x0000000086100000, 0x0000000086100000|100%| S|CS|TAMS 0x0000000086000000, 0x0000000086000000| Complete 
|  97|0x0000000086100000, 0x0000000086200000, 0x0000000086200000|100%| S|CS|TAMS 0x0000000086100000, 0x0000000086100000| Complete 
|  98|0x0000000086200000, 0x0000000086200000, 0x0000000086300000|  0%| F|  |TAMS 0x0000000086200000, 0x0000000086200000| Untracked 
|  99|0x0000000086300000, 0x0000000086300000, 0x0000000086400000|  0%| F|  |TAMS 0x0000000086300000, 0x0000000086300000| Untracked 
| 100|0x0000000086400000, 0x0000000086400000, 0x0000000086500000|  0%| F|  |TAMS 0x0000000086400000, 0x0000000086400000| Untracked 
| 101|0x0000000086500000, 0x0000000086500000, 0x0000000086600000|  0%| F|  |TAMS 0x0000000086500000, 0x0000000086500000| Untracked 
| 102|0x0000000086600000, 0x0000000086600000, 0x0000000086700000|  0%| F|  |TAMS 0x0000000086600000, 0x0000000086600000| Untracked 
| 103|0x0000000086700000, 0x0000000086700000, 0x0000000086800000|  0%| F|  |TAMS 0x0000000086700000, 0x0000000086700000| Untracked 
| 104|0x0000000086800000, 0x0000000086800000, 0x0000000086900000|  0%| F|  |TAMS 0x0000000086800000, 0x0000000086800000| Untracked 
| 105|0x0000000086900000, 0x0000000086900000, 0x0000000086a00000|  0%| F|  |TAMS 0x0000000086900000, 0x0000000086900000| Untracked 
| 106|0x0000000086a00000, 0x0000000086a00000, 0x0000000086b00000|  0%| F|  |TAMS 0x0000000086a00000, 0x0000000086a00000| Untracked 
| 107|0x0000000086b00000, 0x0000000086b00000, 0x0000000086c00000|  0%| F|  |TAMS 0x0000000086b00000, 0x0000000086b00000| Untracked 
| 108|0x0000000086c00000, 0x0000000086c00000, 0x0000000086d00000|  0%| F|  |TAMS 0x0000000086c00000, 0x0000000086c00000| Untracked 
| 109|0x0000000086d00000, 0x0000000086d00000, 0x0000000086e00000|  0%| F|  |TAMS 0x0000000086d00000, 0x0000000086d00000| Untracked 
| 110|0x0000000086e00000, 0x0000000086e00000, 0x0000000086f00000|  0%| F|  |TAMS 0x0000000086e00000, 0x0000000086e00000| Untracked 
| 111|0x0000000086f00000, 0x0000000086f00000, 0x0000000087000000|  0%| F|  |TAMS 0x0000000086f00000, 0x0000000086f00000| Untracked 
| 112|0x0000000087000000, 0x0000000087000000, 0x0000000087100000|  0%| F|  |TAMS 0x0000000087000000, 0x0000000087000000| Untracked 
| 113|0x0000000087100000, 0x0000000087100000, 0x0000000087200000|  0%| F|  |TAMS 0x0000000087100000, 0x0000000087100000| Untracked 
| 114|0x0000000087200000, 0x0000000087200000, 0x0000000087300000|  0%| F|  |TAMS 0x0000000087200000, 0x0000000087200000| Untracked 
| 115|0x0000000087300000, 0x0000000087300000, 0x0000000087400000|  0%| F|  |TAMS 0x0000000087300000, 0x0000000087300000| Untracked 
| 116|0x0000000087400000, 0x0000000087400000, 0x0000000087500000|  0%| F|  |TAMS 0x0000000087400000, 0x0000000087400000| Untracked 
| 117|0x0000000087500000, 0x0000000087500000, 0x0000000087600000|  0%| F|  |TAMS 0x0000000087500000, 0x0000000087500000| Untracked 
| 118|0x0000000087600000, 0x0000000087600000, 0x0000000087700000|  0%| F|  |TAMS 0x0000000087600000, 0x0000000087600000| Untracked 
| 119|0x0000000087700000, 0x0000000087700000, 0x0000000087800000|  0%| F|  |TAMS 0x0000000087700000, 0x0000000087700000| Untracked 
| 120|0x0000000087800000, 0x0000000087800000, 0x0000000087900000|  0%| F|  |TAMS 0x0000000087800000, 0x0000000087800000| Untracked 
| 121|0x0000000087900000, 0x0000000087900000, 0x0000000087a00000|  0%| F|  |TAMS 0x0000000087900000, 0x0000000087900000| Untracked 
| 122|0x0000000087a00000, 0x0000000087a00000, 0x0000000087b00000|  0%| F|  |TAMS 0x0000000087a00000, 0x0000000087a00000| Untracked 
| 123|0x0000000087b00000, 0x0000000087b00000, 0x0000000087c00000|  0%| F|  |TAMS 0x0000000087b00000, 0x0000000087b00000| Untracked 
| 124|0x0000000087c00000, 0x0000000087c00000, 0x0000000087d00000|  0%| F|  |TAMS 0x0000000087c00000, 0x0000000087c00000| Untracked 
| 125|0x0000000087d00000, 0x0000000087d00000, 0x0000000087e00000|  0%| F|  |TAMS 0x0000000087d00000, 0x0000000087d00000| Untracked 
| 126|0x0000000087e00000, 0x0000000087e00000, 0x0000000087f00000|  0%| F|  |TAMS 0x0000000087e00000, 0x0000000087e00000| Untracked 
| 127|0x0000000087f00000, 0x0000000087f00000, 0x0000000088000000|  0%| F|  |TAMS 0x0000000087f00000, 0x0000000087f00000| Untracked 
| 128|0x0000000088000000, 0x0000000088000000, 0x0000000088100000|  0%| F|  |TAMS 0x0000000088000000, 0x0000000088000000| Untracked 
| 129|0x0000000088100000, 0x0000000088100000, 0x0000000088200000|  0%| F|  |TAMS 0x0000000088100000, 0x0000000088100000| Untracked 
| 130|0x0000000088200000, 0x0000000088200000, 0x0000000088300000|  0%| F|  |TAMS 0x0000000088200000, 0x0000000088200000| Untracked 
| 131|0x0000000088300000, 0x0000000088300000, 0x0000000088400000|  0%| F|  |TAMS 0x0000000088300000, 0x0000000088300000| Untracked 
| 132|0x0000000088400000, 0x0000000088400000, 0x0000000088500000|  0%| F|  |TAMS 0x0000000088400000, 0x0000000088400000| Untracked 
| 133|0x0000000088500000, 0x0000000088500000, 0x0000000088600000|  0%| F|  |TAMS 0x0000000088500000, 0x0000000088500000| Untracked 
| 134|0x0000000088600000, 0x0000000088600000, 0x0000000088700000|  0%| F|  |TAMS 0x0000000088600000, 0x0000000088600000| Untracked 
| 135|0x0000000088700000, 0x0000000088700000, 0x0000000088800000|  0%| F|  |TAMS 0x0000000088700000, 0x0000000088700000| Untracked 
| 136|0x0000000088800000, 0x0000000088800000, 0x0000000088900000|  0%| F|  |TAMS 0x0000000088800000, 0x0000000088800000| Untracked 
| 137|0x0000000088900000, 0x0000000088900000, 0x0000000088a00000|  0%| F|  |TAMS 0x0000000088900000, 0x0000000088900000| Untracked 
| 138|0x0000000088a00000, 0x0000000088a00000, 0x0000000088b00000|  0%| F|  |TAMS 0x0000000088a00000, 0x0000000088a00000| Untracked 
| 139|0x0000000088b00000, 0x0000000088b00000, 0x0000000088c00000|  0%| F|  |TAMS 0x0000000088b00000, 0x0000000088b00000| Untracked 
| 140|0x0000000088c00000, 0x0000000088c00000, 0x0000000088d00000|  0%| F|  |TAMS 0x0000000088c00000, 0x0000000088c00000| Untracked 
| 141|0x0000000088d00000, 0x0000000088d00000, 0x0000000088e00000|  0%| F|  |TAMS 0x0000000088d00000, 0x0000000088d00000| Untracked 
| 142|0x0000000088e00000, 0x0000000088e00000, 0x0000000088f00000|  0%| F|  |TAMS 0x0000000088e00000, 0x0000000088e00000| Untracked 
| 143|0x0000000088f00000, 0x0000000088f00000, 0x0000000089000000|  0%| F|  |TAMS 0x0000000088f00000, 0x0000000088f00000| Untracked 
| 144|0x0000000089000000, 0x0000000089000000, 0x0000000089100000|  0%| F|  |TAMS 0x0000000089000000, 0x0000000089000000| Untracked 
| 145|0x0000000089100000, 0x0000000089180800, 0x0000000089200000| 50%| E|  |TAMS 0x0000000089100000, 0x0000000089100000| Complete 
| 146|0x0000000089200000, 0x0000000089300000, 0x0000000089300000|100%| E|CS|TAMS 0x0000000089200000, 0x0000000089200000| Complete 
| 147|0x0000000089300000, 0x0000000089400000, 0x0000000089400000|100%| E|CS|TAMS 0x0000000089300000, 0x0000000089300000| Complete 
| 462|0x000000009ce00000, 0x000000009cf00000, 0x000000009cf00000|100%| E|CS|TAMS 0x000000009ce00000, 0x000000009ce00000| Complete 
| 509|0x000000009fd00000, 0x000000009fe00000, 0x000000009fe00000|100%| E|CS|TAMS 0x000000009fd00000, 0x000000009fd00000| Complete 

Card table byte_map: [0x000001db46890000,0x000001db46c90000] _byte_map_base: 0x000001db46490000

Marking Bits (Prev, Next): (CMBitMap*) 0x000001db33acb550, (CMBitMap*) 0x000001db33acb510
 Prev Bits: [0x000001db49090000, 0x000001db4b090000)
 Next Bits: [0x000001db47090000, 0x000001db49090000)

Polling page: 0x000001db31980000

Metaspace:

Usage:
  Non-class:     51.12 MB used.
      Class:      8.17 MB used.
       Both:     59.29 MB used.

Virtual space:
  Non-class space:       64.00 MB reserved,      51.50 MB ( 80%) committed,  1 nodes.
      Class space:        1.00 GB reserved,       8.44 MB ( <1%) committed,  1 nodes.
             Both:        1.06 GB reserved,      59.94 MB (  6%) committed. 

Chunk freelists:
   Non-Class:  11.66 MB
       Class:  7.56 MB
        Both:  19.22 MB

MaxMetaspaceSize: unlimited
CompressedClassSpaceSize: 1.00 GB
Initial GC threshold: 21.00 MB
Current GC threshold: 70.94 MB
CDS: off
MetaspaceReclaimPolicy: balanced
 - commit_granule_bytes: 65536.
 - commit_granule_words: 8192.
 - virtual_space_node_default_size: 8388608.
 - enlarge_chunks_in_place: 1.
 - new_chunks_are_fully_committed: 0.
 - uncommit_free_chunks: 1.
 - use_allocation_guard: 0.
 - handle_deallocations: 1.


Internal statistics:

num_allocs_failed_limit: 6.
num_arena_births: 748.
num_arena_deaths: 0.
num_vsnodes_births: 2.
num_vsnodes_deaths: 0.
num_space_committed: 959.
num_space_uncommitted: 0.
num_chunks_returned_to_freelist: 6.
num_chunks_taken_from_freelist: 2890.
num_chunk_merges: 6.
num_chunk_splits: 1851.
num_chunks_enlarged: 1220.
num_inconsistent_stats: 0.

CodeHeap 'non-profiled nmethods': size=120000Kb used=2807Kb max_used=3043Kb free=117192Kb
 bounds [0x000001db3ea10000, 0x000001db3ed30000, 0x000001db45f40000]
CodeHeap 'profiled nmethods': size=120000Kb used=9696Kb max_used=9696Kb free=110303Kb
 bounds [0x000001db36f40000, 0x000001db378c0000, 0x000001db3e470000]
CodeHeap 'non-nmethods': size=5760Kb used=2324Kb max_used=2390Kb free=3435Kb
 bounds [0x000001db3e470000, 0x000001db3e6e0000, 0x000001db3ea10000]
 total_blobs=5722 nmethods=4879 adapters=755
 compilation: enabled
              stopped_count=0, restarted_count=0
 full_count=0

Compilation events (20 events):
Event: 3.484 Thread 0x000001db4de8cfb0 5588       1       org.gradle.internal.snapshot.impl.AbstractScalarValueSnapshot::getValue (5 bytes)
Event: 3.484 Thread 0x000001db4de8cfb0 nmethod 5588 0x000001db3ea6ca10 code [0x000001db3ea6cba0, 0x000001db3ea6cc78]
Event: 3.484 Thread 0x000001db4de8cfb0 5589   !   3       org.gradle.cache.internal.DefaultCrossBuildInMemoryCacheFactory$AbstractCrossBuildInMemoryCache::get (65 bytes)
Event: 3.484 Thread 0x000001db4de8cfb0 nmethod 5589 0x000001db378b3310 code [0x000001db378b3500, 0x000001db378b3a38]
Event: 3.484 Thread 0x000001db4de8cfb0 5590       3       sun.invoke.util.VerifyAccess$1::<init> (15 bytes)
Event: 3.485 Thread 0x000001db4de8cfb0 nmethod 5590 0x000001db378b3c90 code [0x000001db378b3e40, 0x000001db378b4058]
Event: 3.485 Thread 0x000001db4de8cfb0 5591       3       sun.invoke.util.VerifyAccess$1::run (5 bytes)
Event: 3.485 Thread 0x000001db4de8cfb0 nmethod 5591 0x000001db378b4110 code [0x000001db378b42c0, 0x000001db378b44c8]
Event: 3.485 Thread 0x000001db4de8cfb0 5592       3       com.google.common.collect.Sets$1$1::computeNext (70 bytes)
Event: 3.486 Thread 0x000001db4de8cfb0 nmethod 5592 0x000001db378b4590 code [0x000001db378b47a0, 0x000001db378b4ee8]
Event: 3.486 Thread 0x000001db4de8cfb0 5595       3       com.google.common.collect.AbstractIterator::tryToComputeNext (36 bytes)
Event: 3.486 Thread 0x000001db4de8cfb0 nmethod 5595 0x000001db378b5110 code [0x000001db378b52e0, 0x000001db378b5668]
Event: 3.486 Thread 0x000001db4de8cfb0 5593       3       com.google.common.collect.RegularImmutableMap$KeySet::get (15 bytes)
Event: 3.486 Thread 0x000001db4de8cfb0 nmethod 5593 0x000001db378b5710 code [0x000001db378b58c0, 0x000001db378b5ac8]
Event: 3.486 Thread 0x000001db4de8cfb0 5596       3       com.google.common.collect.IndexedImmutableSet$1::get (9 bytes)
Event: 3.486 Thread 0x000001db4de8cfb0 nmethod 5596 0x000001db378b5c10 code [0x000001db378b5dc0, 0x000001db378b5f88]
Event: 3.486 Thread 0x000001db4de8cfb0 5597       3       java.util.AbstractCollection::toArray (70 bytes)
Event: 3.486 Thread 0x000001db4de8cfb0 nmethod 5597 0x000001db378b6090 code [0x000001db378b62e0, 0x000001db378b6c48]
Event: 3.486 Thread 0x000001db4de8cfb0 5594       1       org.gradle.api.attributes.Attribute::getType (5 bytes)
Event: 3.489 Thread 0x000001db4de8cfb0 nmethod 5594 0x000001db3ea6c710 code [0x000001db3ea6c8a0, 0x000001db3ea6c978]

GC Heap History (20 events):
Event: 0.996 GC heap before
{Heap before GC invocations=2 (full 0):
 garbage-first heap   total 522240K, used 58457K [0x0000000080000000, 0x0000000100000000)
  region size 1024K, 47 young (48128K), 2 survivors (2048K)
 Metaspace       used 21297K, committed 21504K, reserved 1114112K
  class space    used 2520K, committed 2624K, reserved 1048576K
}
Event: 0.998 GC heap after
{Heap after GC invocations=3 (full 0):
 garbage-first heap   total 522240K, used 19386K [0x0000000080000000, 0x0000000100000000)
  region size 1024K, 9 young (9216K), 9 survivors (9216K)
 Metaspace       used 21297K, committed 21504K, reserved 1114112K
  class space    used 2520K, committed 2624K, reserved 1048576K
}
Event: 1.309 GC heap before
{Heap before GC invocations=4 (full 0):
 garbage-first heap   total 71680K, used 55226K [0x0000000080000000, 0x0000000100000000)
  region size 1024K, 44 young (45056K), 9 survivors (9216K)
 Metaspace       used 26878K, committed 27136K, reserved 1114112K
  class space    used 3467K, committed 3584K, reserved 1048576K
}
Event: 1.311 GC heap after
{Heap after GC invocations=5 (full 0):
 garbage-first heap   total 71680K, used 21053K [0x0000000080000000, 0x0000000100000000)
  region size 1024K, 3 young (3072K), 3 survivors (3072K)
 Metaspace       used 26878K, committed 27136K, reserved 1114112K
  class space    used 3467K, committed 3584K, reserved 1048576K
}
Event: 1.560 GC heap before
{Heap before GC invocations=5 (full 0):
 garbage-first heap   total 71680K, used 50749K [0x0000000080000000, 0x0000000100000000)
  region size 1024K, 32 young (32768K), 3 survivors (3072K)
 Metaspace       used 30919K, committed 31168K, reserved 1114112K
  class space    used 4178K, committed 4288K, reserved 1048576K
}
Event: 1.561 GC heap after
{Heap after GC invocations=6 (full 0):
 garbage-first heap   total 71680K, used 22805K [0x0000000080000000, 0x0000000100000000)
  region size 1024K, 4 young (4096K), 4 survivors (4096K)
 Metaspace       used 30919K, committed 31168K, reserved 1114112K
  class space    used 4178K, committed 4288K, reserved 1048576K
}
Event: 1.798 GC heap before
{Heap before GC invocations=6 (full 0):
 garbage-first heap   total 71680K, used 59669K [0x0000000080000000, 0x0000000100000000)
  region size 1024K, 31 young (31744K), 4 survivors (4096K)
 Metaspace       used 33761K, committed 34176K, reserved 1114112K
  class space    used 4627K, committed 4800K, reserved 1048576K
}
Event: 1.801 GC heap after
{Heap after GC invocations=7 (full 0):
 garbage-first heap   total 71680K, used 39197K [0x0000000080000000, 0x0000000100000000)
  region size 1024K, 5 young (5120K), 5 survivors (5120K)
 Metaspace       used 33761K, committed 34176K, reserved 1114112K
  class space    used 4627K, committed 4800K, reserved 1048576K
}
Event: 1.908 GC heap before
{Heap before GC invocations=7 (full 0):
 garbage-first heap   total 71680K, used 54557K [0x0000000080000000, 0x0000000100000000)
  region size 1024K, 21 young (21504K), 5 survivors (5120K)
 Metaspace       used 35749K, committed 36096K, reserved 1114112K
  class space    used 4962K, committed 5120K, reserved 1048576K
}
Event: 1.909 GC heap after
{Heap after GC invocations=8 (full 0):
 garbage-first heap   total 71680K, used 40108K [0x0000000080000000, 0x0000000100000000)
  region size 1024K, 1 young (1024K), 1 survivors (1024K)
 Metaspace       used 35749K, committed 36096K, reserved 1114112K
  class space    used 4962K, committed 5120K, reserved 1048576K
}
Event: 2.050 GC heap before
{Heap before GC invocations=9 (full 0):
 garbage-first heap   total 71680K, used 56492K [0x0000000080000000, 0x0000000100000000)
  region size 1024K, 18 young (18432K), 1 survivors (1024K)
 Metaspace       used 38633K, committed 39040K, reserved 1114112K
  class space    used 5406K, committed 5632K, reserved 1048576K
}
Event: 2.051 GC heap after
{Heap after GC invocations=10 (full 0):
 garbage-first heap   total 71680K, used 40974K [0x0000000080000000, 0x0000000100000000)
  region size 1024K, 2 young (2048K), 2 survivors (2048K)
 Metaspace       used 38633K, committed 39040K, reserved 1114112K
  class space    used 5406K, committed 5632K, reserved 1048576K
}
Event: 2.190 GC heap before
{Heap before GC invocations=10 (full 0):
 garbage-first heap   total 71680K, used 57358K [0x0000000080000000, 0x0000000100000000)
  region size 1024K, 19 young (19456K), 2 survivors (2048K)
 Metaspace       used 43200K, committed 43584K, reserved 1114112K
  class space    used 5857K, committed 6016K, reserved 1048576K
}
Event: 2.192 GC heap after
{Heap after GC invocations=11 (full 0):
 garbage-first heap   total 296960K, used 42955K [0x0000000080000000, 0x0000000100000000)
  region size 1024K, 3 young (3072K), 3 survivors (3072K)
 Metaspace       used 43200K, committed 43584K, reserved 1114112K
  class space    used 5857K, committed 6016K, reserved 1048576K
}
Event: 2.673 GC heap before
{Heap before GC invocations=12 (full 0):
 garbage-first heap   total 153600K, used 128971K [0x0000000080000000, 0x0000000100000000)
  region size 1024K, 78 young (79872K), 3 survivors (3072K)
 Metaspace       used 49696K, committed 50112K, reserved 1114112K
  class space    used 6724K, committed 6912K, reserved 1048576K
}
Event: 2.677 GC heap after
{Heap after GC invocations=13 (full 0):
 garbage-first heap   total 153600K, used 56827K [0x0000000080000000, 0x0000000100000000)
  region size 1024K, 11 young (11264K), 11 survivors (11264K)
 Metaspace       used 49696K, committed 50112K, reserved 1114112K
  class space    used 6724K, committed 6912K, reserved 1048576K
}
Event: 3.054 GC heap before
{Heap before GC invocations=13 (full 0):
 garbage-first heap   total 153600K, used 117243K [0x0000000080000000, 0x0000000100000000)
  region size 1024K, 66 young (67584K), 11 survivors (11264K)
 Metaspace       used 54501K, committed 55040K, reserved 1114112K
  class space    used 7355K, committed 7616K, reserved 1048576K
}
Event: 3.058 GC heap after
{Heap after GC invocations=14 (full 0):
 garbage-first heap   total 153600K, used 64067K [0x0000000080000000, 0x0000000100000000)
  region size 1024K, 5 young (5120K), 5 survivors (5120K)
 Metaspace       used 54501K, committed 55040K, reserved 1114112K
  class space    used 7355K, committed 7616K, reserved 1048576K
}
Event: 3.486 GC heap before
{Heap before GC invocations=14 (full 0):
 garbage-first heap   total 153600K, used 117315K [0x0000000080000000, 0x0000000100000000)
  region size 1024K, 57 young (58368K), 5 survivors (5120K)
 Metaspace       used 60187K, committed 60800K, reserved 1114112K
  class space    used 8269K, committed 8576K, reserved 1048576K
}
Event: 3.489 GC heap after
{Heap after GC invocations=15 (full 0):
 garbage-first heap   total 153600K, used 66671K [0x0000000080000000, 0x0000000100000000)
  region size 1024K, 8 young (8192K), 8 survivors (8192K)
 Metaspace       used 60187K, committed 60800K, reserved 1114112K
  class space    used 8269K, committed 8576K, reserved 1048576K
}

Dll operation events (3 events):
Event: 0.004 Loaded shared library C:\Program Files\Android\Android Studio\jbr\bin\java.dll
Event: 0.070 Loaded shared library C:\Program Files\Android\Android Studio\jbr\bin\zip.dll
Event: 0.206 Loaded shared library C:\Program Files\Android\Android Studio\jbr\bin\verify.dll

Deoptimization events (20 events):
Event: 3.272 Thread 0x000001db5477cad0 Uncommon trap: trap_request=0xffffffde fr.pc=0x000001db3ebd26c8 relative=0x0000000000004908
Event: 3.272 Thread 0x000001db5477cad0 Uncommon trap: reason=class_check action=maybe_recompile pc=0x000001db3ebd26c8 method=java.net.URLClassLoader.defineClass(Ljava/lang/String;Ljdk/internal/loader/Resource;)Ljava/lang/Class; @ 34 c2
Event: 3.272 Thread 0x000001db5477cad0 DEOPT PACKING pc=0x000001db3ebd26c8 sp=0x0000003dcbbf7bd0
Event: 3.272 Thread 0x000001db5477cad0 DEOPT UNPACKING pc=0x000001db3e4c69a3 sp=0x0000003dcbbf7a08 mode 2
Event: 3.272 Thread 0x000001db5477cad0 Uncommon trap: trap_request=0xffffffde fr.pc=0x000001db3ec75b2c relative=0x000000000000046c
Event: 3.272 Thread 0x000001db5477cad0 Uncommon trap: reason=class_check action=maybe_recompile pc=0x000001db3ec75b2c method=jdk.internal.loader.Resource.cachedInputStream()Ljava/io/InputStream; @ 9 c2
Event: 3.272 Thread 0x000001db5477cad0 DEOPT PACKING pc=0x000001db3ec75b2c sp=0x0000003dcbbf79a0
Event: 3.272 Thread 0x000001db5477cad0 DEOPT UNPACKING pc=0x000001db3e4c69a3 sp=0x0000003dcbbf7920 mode 2
Event: 3.311 Thread 0x000001db5477cad0 Uncommon trap: trap_request=0xffffff45 fr.pc=0x000001db3ec05cb8 relative=0x00000000000002f8
Event: 3.311 Thread 0x000001db5477cad0 Uncommon trap: reason=unstable_if action=reinterpret pc=0x000001db3ec05cb8 method=org.gradle.internal.reflect.PropertyAccessorType.isGetGetterName(Ljava/lang/String;)Z @ 14 c2
Event: 3.311 Thread 0x000001db5477cad0 DEOPT PACKING pc=0x000001db3ec05cb8 sp=0x0000003dcbbf8480
Event: 3.311 Thread 0x000001db5477cad0 DEOPT UNPACKING pc=0x000001db3e4c69a3 sp=0x0000003dcbbf83d8 mode 2
Event: 3.328 Thread 0x000001db5477cad0 Uncommon trap: trap_request=0xffffff45 fr.pc=0x000001db3ea7b7b4 relative=0x0000000000001734
Event: 3.328 Thread 0x000001db5477cad0 Uncommon trap: reason=unstable_if action=reinterpret pc=0x000001db3ea7b7b4 method=java.util.concurrent.ConcurrentHashMap.computeIfAbsent(Ljava/lang/Object;Ljava/util/function/Function;)Ljava/lang/Object; @ 123 c2
Event: 3.328 Thread 0x000001db5477cad0 DEOPT PACKING pc=0x000001db3ea7b7b4 sp=0x0000003dcbbf9370
Event: 3.328 Thread 0x000001db5477cad0 DEOPT UNPACKING pc=0x000001db3e4c69a3 sp=0x0000003dcbbf92f0 mode 2
Event: 3.398 Thread 0x000001db5477cad0 Uncommon trap: trap_request=0xffffff3d fr.pc=0x000001db3ebe5560 relative=0x0000000000000cc0
Event: 3.398 Thread 0x000001db5477cad0 Uncommon trap: reason=unstable_fused_if action=reinterpret pc=0x000001db3ebe5560 method=org.objectweb.asm.ByteVector.putUTF8(Ljava/lang/String;)Lorg/objectweb/asm/ByteVector; @ 93 c2
Event: 3.398 Thread 0x000001db5477cad0 DEOPT PACKING pc=0x000001db3ebe5560 sp=0x0000003dcbbf7ff0
Event: 3.398 Thread 0x000001db5477cad0 DEOPT UNPACKING pc=0x000001db3e4c69a3 sp=0x0000003dcbbf7f48 mode 2

Classes unloaded (0 events):
No events

Classes redefined (0 events):
No events

Internal exceptions (20 events):
Event: 3.079 Thread 0x000001db5477cad0 Exception <a 'sun/nio/fs/WindowsException'{0x00000000893b75e8}> (0x00000000893b75e8) 
thrown [s\src\hotspot\share\prims\jni.cpp, line 517]
Event: 3.144 Thread 0x000001db5477cad0 Exception <a 'java/lang/NoSuchMethodError'{0x0000000088ba4980}: 'void java.lang.invoke.DirectMethodHandle$Holder.invokeStatic(java.lang.Object, java.lang.Object, java.lang.Object, java.lang.Object, java.lang.Object, java.lang.Object, java.lang.Object)'> (0x0000000088ba4980) 
thrown [s\src\hotspot\share\interpreter\linkResolver.cpp, line 771]
Event: 3.221 Thread 0x000001db5477cad0 Exception <a 'java/lang/ClassNotFoundException'{0x000000008806d9e8}: org/gradle/api/internal/project/DefaultProject_DecoratedBeanInfo> (0x000000008806d9e8) 
thrown [s\src\hotspot\share\classfile\systemDictionary.cpp, line 256]
Event: 3.221 Thread 0x000001db5477cad0 Exception <a 'java/lang/ClassNotFoundException'{0x000000008807b428}: org/gradle/api/internal/project/DefaultProjectBeanInfo> (0x000000008807b428) 
thrown [s\src\hotspot\share\classfile\systemDictionary.cpp, line 256]
Event: 3.221 Thread 0x000001db5477cad0 Exception <a 'java/lang/ClassNotFoundException'{0x0000000088088388}: org/gradle/api/internal/project/DefaultProjectCustomizer> (0x0000000088088388) 
thrown [s\src\hotspot\share\classfile\systemDictionary.cpp, line 256]
Event: 3.222 Thread 0x000001db5477cad0 Exception <a 'java/lang/ClassNotFoundException'{0x0000000087f32630}: org/gradle/api/internal/project/DefaultProject_DecoratedCustomizer> (0x0000000087f32630) 
thrown [s\src\hotspot\share\classfile\systemDictionary.cpp, line 256]
Event: 3.308 Thread 0x000001db5477cad0 Exception <a 'java/lang/NoSuchMethodError'{0x000000008759ad10}: 'long java.lang.invoke.DirectMethodHandle$Holder.invokeStatic(java.lang.Object, long)'> (0x000000008759ad10) 
thrown [s\src\hotspot\share\interpreter\linkResolver.cpp, line 771]
Event: 3.350 Thread 0x000001db5477cad0 Exception <a 'java/lang/NoSuchMethodError'{0x00000000870250c0}: 'java.lang.Object java.lang.invoke.DirectMethodHandle$Holder.invokeSpecial(java.lang.Object, java.lang.Object, java.lang.Object, java.lang.Object, java.lang.Object, java.lang.Object, java.lang.Object, java.lang.Object, java.lang.Object, java.lang.Object, java.lang.Object, java.lang.Object, java.lang.Object, java.lang.Object, java.lang.Object, java.lang.Object, java.lang.Object, java.lang.Object, java.lang.Object, java.lang.Object, java.lang.Ob
Event: 3.351 Thread 0x000001db5477cad0 Exception <a 'java/lang/NoSuchMethodError'{0x000000008702b1d0}: 'java.lang.Object java.lang.invoke.DelegatingMethodHandle$Holder.reinvoke_L(java.lang.Object, java.lang.Object, java.lang.Object, java.lang.Object, java.lang.Object, java.lang.Object, java.lang.Object, java.lang.Object, java.lang.Object, java.lang.Object, java.lang.Object, java.lang.Object, java.lang.Object, java.lang.Object, java.lang.Object, java.lang.Object, java.lang.Object, java.lang.Object, java.lang.Object, java.lang.Object, java.lang.O
Event: 3.351 Thread 0x000001db5477cad0 Exception <a 'java/lang/NoSuchMethodError'{0x00000000870368e8}: 'java.lang.Object java.lang.invoke.Invokers$Holder.invoker(java.lang.Object, java.lang.Object, java.lang.Object, java.lang.Object, java.lang.Object, java.lang.Object, java.lang.Object, java.lang.Object, java.lang.Object, java.lang.Object, java.lang.Object, java.lang.Object, java.lang.Object, java.lang.Object, java.lang.Object, java.lang.Object, java.lang.Object, java.lang.Object, java.lang.Object, java.lang.Object, java.lang.Object, java.lang.
Event: 3.351 Thread 0x000001db5477cad0 Exception <a 'java/lang/NoSuchMethodError'{0x000000008703d348}: 'java.lang.Object java.lang.invoke.DelegatingMethodHandle$Holder.delegate(java.lang.Object, java.lang.Object, java.lang.Object, java.lang.Object, java.lang.Object, java.lang.Object, java.lang.Object, java.lang.Object, java.lang.Object, java.lang.Object, java.lang.Object, java.lang.Object, java.lang.Object, java.lang.Object, java.lang.Object, java.lang.Object, java.lang.Object, java.lang.Object, java.lang.Object, java.lang.Object, java.lang.Obj
Event: 3.356 Thread 0x000001db5477cad0 Exception <a 'java/lang/NoSuchMethodError'{0x0000000086f155f8}: 'java.lang.Object java.lang.invoke.DirectMethodHandle$Holder.invokeStatic(java.lang.Object, java.lang.Object, java.lang.Object, java.lang.Object, java.lang.Object, java.lang.Object, java.lang.Object, java.lang.Object, java.lang.Object, java.lang.Object, java.lang.Object, java.lang.Object, java.lang.Object, java.lang.Object, java.lang.Object, java.lang.Object, java.lang.Object, java.lang.Object, java.lang.Object, java.lang.Object, java.lang.Obj
Event: 3.420 Thread 0x000001db5477cad0 Exception <a 'java/lang/NoSuchMethodError'{0x0000000086916a28}: static Lorg/gradle/api/internal/catalog/DefaultVersionCatalog;.<clinit>()V> (0x0000000086916a28) 
thrown [s\src\hotspot\share\prims\jni.cpp, line 1108]
Event: 3.422 Thread 0x000001db5477cad0 Exception <a 'java/lang/NoSuchMethodError'{0x00000000869680b0}: static [Ljava/lang/Object;.<clinit>()V> (0x00000000869680b0) 
thrown [s\src\hotspot\share\prims\jni.cpp, line 1108]
Event: 3.422 Thread 0x000001db5477cad0 Exception <a 'java/lang/NoSuchMethodError'{0x000000008699c5e8}: static Lorg/gradle/api/internal/catalog/DependencyModel;.<clinit>()V> (0x000000008699c5e8) 
thrown [s\src\hotspot\share\prims\jni.cpp, line 1108]
Event: 3.422 Thread 0x000001db5477cad0 Exception <a 'java/lang/NoSuchMethodError'{0x00000000869a00f8}: static Lorg/gradle/api/internal/catalog/AbstractContextAwareModel;.<clinit>()V> (0x00000000869a00f8) 
thrown [s\src\hotspot\share\prims\jni.cpp, line 1108]
Event: 3.423 Thread 0x000001db5477cad0 Exception <a 'java/lang/NoSuchMethodError'{0x00000000869b9c78}: static Lorg/gradle/api/internal/artifacts/dependencies/AbstractVersionConstraint;.<clinit>()V> (0x00000000869b9c78) 
thrown [s\src\hotspot\share\prims\jni.cpp, line 1108]
Event: 3.425 Thread 0x000001db5477cad0 Exception <a 'java/lang/NoSuchMethodError'{0x00000000868196b8}: static Lorg/gradle/api/internal/catalog/PluginModel;.<clinit>()V> (0x00000000868196b8) 
thrown [s\src\hotspot\share\prims\jni.cpp, line 1108]
Event: 3.425 Thread 0x000001db5477cad0 Exception <a 'java/lang/NoSuchMethodError'{0x0000000086830528}: static Lorg/gradle/api/internal/catalog/VersionModel;.<clinit>()V> (0x0000000086830528) 
thrown [s\src\hotspot\share\prims\jni.cpp, line 1108]
Event: 3.466 Thread 0x000001db5477cad0 Exception <a 'java/lang/NoSuchMethodError'{0x000000008649ea90}: 'int java.lang.invoke.DirectMethodHandle$Holder.invokeSpecialIFC(java.lang.Object, java.lang.Object, java.lang.Object)'> (0x000000008649ea90) 
thrown [s\src\hotspot\share\interpreter\linkResolver.cpp, line 771]

VM Operations (20 events):
Event: 2.923 Executing VM operation: ICBufferFull
Event: 2.924 Executing VM operation: ICBufferFull done
Event: 3.054 Executing VM operation: G1CollectForAllocation
Event: 3.058 Executing VM operation: G1CollectForAllocation done
Event: 3.140 Executing VM operation: HandshakeAllThreads
Event: 3.140 Executing VM operation: HandshakeAllThreads done
Event: 3.160 Executing VM operation: HandshakeAllThreads
Event: 3.160 Executing VM operation: HandshakeAllThreads done
Event: 3.195 Executing VM operation: HandshakeAllThreads
Event: 3.195 Executing VM operation: HandshakeAllThreads done
Event: 3.202 Executing VM operation: ICBufferFull
Event: 3.202 Executing VM operation: ICBufferFull done
Event: 3.373 Executing VM operation: ICBufferFull
Event: 3.373 Executing VM operation: ICBufferFull done
Event: 3.420 Executing VM operation: HandshakeAllThreads
Event: 3.421 Executing VM operation: HandshakeAllThreads done
Event: 3.469 Executing VM operation: HandshakeAllThreads
Event: 3.469 Executing VM operation: HandshakeAllThreads done
Event: 3.486 Executing VM operation: G1CollectForAllocation
Event: 3.489 Executing VM operation: G1CollectForAllocation done

Events (20 events):
Event: 3.223 loading class org/xml/sax/Locator done
Event: 3.224 loading class org/xml/sax/SAXParseException
Event: 3.224 loading class org/xml/sax/SAXParseException done
Event: 3.224 loading class org/xml/sax/Attributes
Event: 3.224 loading class org/xml/sax/Attributes done
Event: 3.253 loading class java/util/DualPivotQuicksort
Event: 3.253 loading class java/util/DualPivotQuicksort done
Event: 3.308 loading class java/util/function/LongUnaryOperator
Event: 3.308 loading class java/util/function/LongUnaryOperator done
Event: 3.347 loading class java/util/Collections$SingletonMap
Event: 3.348 loading class java/util/Collections$SingletonMap done
Event: 3.348 Thread 0x000001db55158070 Thread added: 0x000001db55158070
Event: 3.355 loading class java/lang/invoke/BoundMethodHandle$Species_LLLLLLLLLLLLLLLLLLLLLLL
Event: 3.355 loading class java/lang/invoke/BoundMethodHandle$Species_LLLLLLLLLLLLLLLLLLLLLLL done
Event: 3.419 loading class java/io/ObjectOutputStream$BlockDataOutputStream
Event: 3.419 loading class java/io/ObjectOutputStream$BlockDataOutputStream done
Event: 3.419 loading class java/io/ObjectOutputStream$HandleTable
Event: 3.419 loading class java/io/ObjectOutputStream$HandleTable done
Event: 3.419 loading class java/io/ObjectOutputStream$ReplaceTable
Event: 3.419 loading class java/io/ObjectOutputStream$ReplaceTable done


Dynamic libraries:
0x00007ff6838e0000 - 0x00007ff6838ea000 	C:\Program Files\Android\Android Studio\jbr\bin\java.exe
0x00007ffbc7eb0000 - 0x00007ffbc80c7000 	C:\WINDOWS\SYSTEM32\ntdll.dll
0x00007ffbc64e0000 - 0x00007ffbc65a4000 	C:\WINDOWS\System32\KERNEL32.DLL
0x00007ffbc5840000 - 0x00007ffbc5bec000 	C:\WINDOWS\System32\KERNELBASE.dll
0x00007ffbc51e0000 - 0x00007ffbc52f1000 	C:\WINDOWS\System32\ucrtbase.dll
0x00007ffbae160000 - 0x00007ffbae177000 	C:\Program Files\Android\Android Studio\jbr\bin\jli.dll
0x00007ffbab9a0000 - 0x00007ffbab9bb000 	C:\Program Files\Android\Android Studio\jbr\bin\VCRUNTIME140.dll
0x00007ffbc7400000 - 0x00007ffbc75ae000 	C:\WINDOWS\System32\USER32.dll
0x00007ffbc5470000 - 0x00007ffbc5496000 	C:\WINDOWS\System32\win32u.dll
0x00007ffbabf70000 - 0x00007ffbac203000 	C:\WINDOWS\WinSxS\amd64_microsoft.windows.common-controls_6595b64144ccf1df_6.0.22621.3672_none_2713b9d173822955\COMCTL32.dll
0x00007ffbc6420000 - 0x00007ffbc6449000 	C:\WINDOWS\System32\GDI32.dll
0x00007ffbc76d0000 - 0x00007ffbc7777000 	C:\WINDOWS\System32\msvcrt.dll
0x00007ffbc5720000 - 0x00007ffbc5839000 	C:\WINDOWS\System32\gdi32full.dll
0x00007ffbc5550000 - 0x00007ffbc55ea000 	C:\WINDOWS\System32\msvcp_win.dll
0x00007ffbc7dd0000 - 0x00007ffbc7e01000 	C:\WINDOWS\System32\IMM32.DLL
0x00007ffbac210000 - 0x00007ffbac21c000 	C:\Program Files\Android\Android Studio\jbr\bin\vcruntime140_1.dll
0x00007ffb9c4a0000 - 0x00007ffb9c52d000 	C:\Program Files\Android\Android Studio\jbr\bin\msvcp140.dll
0x00007ffb78b00000 - 0x00007ffb79783000 	C:\Program Files\Android\Android Studio\jbr\bin\server\jvm.dll
0x00007ffbc7890000 - 0x00007ffbc7942000 	C:\WINDOWS\System32\ADVAPI32.dll
0x00007ffbc62f0000 - 0x00007ffbc639a000 	C:\WINDOWS\System32\sechost.dll
0x00007ffbc5520000 - 0x00007ffbc5548000 	C:\WINDOWS\System32\bcrypt.dll
0x00007ffbc5bf0000 - 0x00007ffbc5d05000 	C:\WINDOWS\System32\RPCRT4.dll
0x00007ffbc0580000 - 0x00007ffbc0589000 	C:\WINDOWS\SYSTEM32\WSOCK32.dll
0x00007ffbc4070000 - 0x00007ffbc40bd000 	C:\WINDOWS\SYSTEM32\POWRPROF.dll
0x00007ffbc5d10000 - 0x00007ffbc5d81000 	C:\WINDOWS\System32\WS2_32.dll
0x00007ffbbc140000 - 0x00007ffbbc174000 	C:\WINDOWS\SYSTEM32\WINMM.dll
0x00007ffbbe0c0000 - 0x00007ffbbe0ca000 	C:\WINDOWS\SYSTEM32\VERSION.dll
0x00007ffbc4050000 - 0x00007ffbc4063000 	C:\WINDOWS\SYSTEM32\UMPDC.dll
0x00007ffbc4300000 - 0x00007ffbc4318000 	C:\WINDOWS\SYSTEM32\kernel.appcore.dll
0x00007ffbbe570000 - 0x00007ffbbe57a000 	C:\Program Files\Android\Android Studio\jbr\bin\jimage.dll
0x00007ffbb7370000 - 0x00007ffbb75a2000 	C:\WINDOWS\SYSTEM32\DBGHELP.DLL
0x00007ffbc5f50000 - 0x00007ffbc62d8000 	C:\WINDOWS\System32\combase.dll
0x00007ffbc6fe0000 - 0x00007ffbc70b7000 	C:\WINDOWS\System32\OLEAUT32.dll
0x00007ffba6e70000 - 0x00007ffba6ea2000 	C:\WINDOWS\SYSTEM32\dbgcore.DLL
0x00007ffbc54a0000 - 0x00007ffbc551b000 	C:\WINDOWS\System32\bcryptPrimitives.dll
0x00007ffbae180000 - 0x00007ffbae18e000 	C:\Program Files\Android\Android Studio\jbr\bin\instrument.dll
0x00007ffbb9c90000 - 0x00007ffbb9cb5000 	C:\Program Files\Android\Android Studio\jbr\bin\java.dll
0x00007ffbbe550000 - 0x00007ffbbe568000 	C:\Program Files\Android\Android Studio\jbr\bin\zip.dll
0x00007ffbc6780000 - 0x00007ffbc6fdc000 	C:\WINDOWS\System32\SHELL32.dll
0x00007ffbc3140000 - 0x00007ffbc3a37000 	C:\WINDOWS\SYSTEM32\windows.storage.dll
0x00007ffbc2ff0000 - 0x00007ffbc312f000 	C:\WINDOWS\SYSTEM32\wintypes.dll
0x00007ffbc7140000 - 0x00007ffbc7234000 	C:\WINDOWS\System32\SHCORE.dll
0x00007ffbc7e10000 - 0x00007ffbc7e6e000 	C:\WINDOWS\System32\shlwapi.dll
0x00007ffbc5110000 - 0x00007ffbc5131000 	C:\WINDOWS\SYSTEM32\profapi.dll
0x00007ffbb9c70000 - 0x00007ffbb9c89000 	C:\Program Files\Android\Android Studio\jbr\bin\net.dll
0x00007ffbc10f0000 - 0x00007ffbc1226000 	C:\WINDOWS\SYSTEM32\WINHTTP.dll
0x00007ffbc4770000 - 0x00007ffbc47d9000 	C:\WINDOWS\system32\mswsock.dll
0x00007ffbb8ab0000 - 0x00007ffbb8ac6000 	C:\Program Files\Android\Android Studio\jbr\bin\nio.dll
0x00007ffbb9c60000 - 0x00007ffbb9c70000 	C:\Program Files\Android\Android Studio\jbr\bin\verify.dll
0x00007ffba3280000 - 0x00007ffba32a7000 	C:\Users\NDog\.gradle\native\c067742578af261105cb4f569cf0c3c89f3d7b1fecec35dd04571415982c5e48\windows-amd64\native-platform.dll
0x00007ffb985c0000 - 0x00007ffb98704000 	C:\Users\NDog\.gradle\native\38dada09dfb8b06ba9b0570ebf7e218e3eb74d4ef43ca46872605cf95ebc2f47\windows-amd64\native-platform-file-events.dll
0x00007ffbb3040000 - 0x00007ffbb3049000 	C:\Program Files\Android\Android Studio\jbr\bin\management.dll
0x00007ffbae7e0000 - 0x00007ffbae7eb000 	C:\Program Files\Android\Android Studio\jbr\bin\management_ext.dll
0x00007ffbc75c0000 - 0x00007ffbc75c8000 	C:\WINDOWS\System32\PSAPI.DLL
0x00007ffbc49e0000 - 0x00007ffbc49fb000 	C:\WINDOWS\SYSTEM32\CRYPTSP.dll
0x00007ffbc4260000 - 0x00007ffbc4295000 	C:\WINDOWS\system32\rsaenh.dll
0x00007ffbc4870000 - 0x00007ffbc4898000 	C:\WINDOWS\SYSTEM32\USERENV.dll
0x00007ffbc49d0000 - 0x00007ffbc49dc000 	C:\WINDOWS\SYSTEM32\CRYPTBASE.dll
0x00007ffbc3d10000 - 0x00007ffbc3d3d000 	C:\WINDOWS\SYSTEM32\IPHLPAPI.DLL
0x00007ffbc7780000 - 0x00007ffbc7789000 	C:\WINDOWS\System32\NSI.dll
0x00007ffbc0f10000 - 0x00007ffbc0f29000 	C:\WINDOWS\SYSTEM32\dhcpcsvc6.DLL
0x00007ffbc0ef0000 - 0x00007ffbc0f0f000 	C:\WINDOWS\SYSTEM32\dhcpcsvc.DLL
0x00007ffbc3d40000 - 0x00007ffbc3e38000 	C:\WINDOWS\SYSTEM32\DNSAPI.dll
0x00007ffbb3050000 - 0x00007ffbb3059000 	C:\Program Files\Android\Android Studio\jbr\bin\extnet.dll
0x00007ffba1200000 - 0x00007ffba1208000 	C:\WINDOWS\system32\wshunix.dll

dbghelp: loaded successfully - version: 4.0.5 - missing functions: none
symbol engine: initialized successfully - sym options: 0x614 - pdb path: .;C:\Program Files\Android\Android Studio\jbr\bin;C:\WINDOWS\SYSTEM32;C:\WINDOWS\WinSxS\amd64_microsoft.windows.common-controls_6595b64144ccf1df_6.0.22621.3672_none_2713b9d173822955;C:\Program Files\Android\Android Studio\jbr\bin\server;C:\Users\NDog\.gradle\native\c067742578af261105cb4f569cf0c3c89f3d7b1fecec35dd04571415982c5e48\windows-amd64;C:\Users\NDog\.gradle\native\38dada09dfb8b06ba9b0570ebf7e218e3eb74d4ef43ca46872605cf95ebc2f47\windows-amd64

VM Arguments:
jvm_args: --add-opens=java.base/java.util=ALL-UNNAMED --add-opens=java.base/java.lang=ALL-UNNAMED --add-opens=java.base/java.lang.invoke=ALL-UNNAMED --add-opens=java.prefs/java.util.prefs=ALL-UNNAMED --add-opens=java.base/java.nio.charset=ALL-UNNAMED --add-opens=java.base/java.net=ALL-UNNAMED --add-opens=java.base/java.util.concurrent.atomic=ALL-UNNAMED -Xmx2048m -Dfile.encoding=UTF-8 -Duser.country=US -Duser.language=en -Duser.variant -javaagent:C:\Users\NDog\.gradle\wrapper\dists\gradle-8.6-bin\afr5mpiioh2wthjmwnkmdsd5w\gradle-8.6\lib\agents\gradle-instrumentation-agent-8.6.jar 
java_command: org.gradle.launcher.daemon.bootstrap.GradleDaemon 8.6
java_class_path (initial): C:\Users\NDog\.gradle\wrapper\dists\gradle-8.6-bin\afr5mpiioh2wthjmwnkmdsd5w\gradle-8.6\lib\gradle-launcher-8.6.jar
Launcher Type: SUN_STANDARD

[Global flags]
     intx CICompilerCount                          = 4                                         {product} {ergonomic}
     uint ConcGCThreads                            = 3                                         {product} {ergonomic}
     uint G1ConcRefinementThreads                  = 10                                        {product} {ergonomic}
   size_t G1HeapRegionSize                         = 1048576                                   {product} {ergonomic}
    uintx GCDrainStackTargetSize                   = 64                                        {product} {ergonomic}
   size_t InitialHeapSize                          = 534773760                                 {product} {ergonomic}
   size_t MarkStackSize                            = 4194304                                   {product} {ergonomic}
   size_t MaxHeapSize                              = 2147483648                                {product} {command line}
   size_t MaxNewSize                               = 1287651328                                {product} {ergonomic}
   size_t MinHeapDeltaBytes                        = 1048576                                   {product} {ergonomic}
   size_t MinHeapSize                              = 8388608                                   {product} {ergonomic}
    uintx NonNMethodCodeHeapSize                   = 5839372                                {pd product} {ergonomic}
    uintx NonProfiledCodeHeapSize                  = 122909434                              {pd product} {ergonomic}
    uintx ProfiledCodeHeapSize                     = 122909434                              {pd product} {ergonomic}
    uintx ReservedCodeCacheSize                    = 251658240                              {pd product} {ergonomic}
     bool SegmentedCodeCache                       = true                                      {product} {ergonomic}
   size_t SoftMaxHeapSize                          = 2147483648                             {manageable} {ergonomic}
     bool UseCompressedClassPointers               = true                           {product lp64_product} {ergonomic}
     bool UseCompressedOops                        = true                           {product lp64_product} {ergonomic}
     bool UseG1GC                                  = true                                      {product} {ergonomic}
     bool UseLargePagesIndividualAllocation        = false                                  {pd product} {ergonomic}

Logging:
Log output configuration:
 #0: stdout all=warning uptime,level,tags
 #1: stderr all=off uptime,level,tags

Environment Variables:
PATH=C:\Program Files (x86)\Common Files\Intel\Shared Libraries\redist\intel64\compiler;C:\Program Files\Eclipse Adoptium\jdk-21.0.2.13-hotspot\bin;C:\Program Files (x86)\Razer Chroma SDK\bin;C:\Program Files\Razer Chroma SDK\bin;C:\Program Files (x86)\Razer\ChromaBroadcast\bin;C:\Program Files\Razer\ChromaBroadcast\bin;C:\Python312\Scripts\;C:\Python312\;C:\Program Files (x86)\VMware\VMware Workstation\bin\;C:\Program Files\Common Files\Oracle\Java\javapath;C:\WINDOWS\system32;C:\WINDOWS;C:\WINDOWS\System32\Wbem;C:\WINDOWS\System32\WindowsPowerShell\v1.0\;C:\WINDOWS\System32\OpenSSH\;C:\Program Files\dotnet\;C:\Program Files\mingw-w64-v10.0.0\mingw-w64-v10.0.0\build-aux;C:\Program Files (x86)\NVIDIA Corporation\PhysX\Common;C:\Program Files\nodejs\;C:\ProgramData\chocolatey\bin;C:\WINDOWS\system32\config\systemprofile\AppData\Local\Microsoft\WindowsApps;C:\Program Files\Git\cmd;C:\Program Files (x86)\Windows Kits\10\Windows Performance Toolkit\;C:\Users\NDog\AppData\Roaming\npm;C:\Users\NDog\AppData\Local\Programs\Microsoft VS Code\bin;C:\Users\NDog\AppData\Local\Programs\Python\Python311\Scripts\;C:\Users\NDog\AppData\Local\Programs\Python\Python311\;C:\Users\NDog\AppData\Local\Microsoft\WindowsApps;C:\Program Files\JetBrains\IntelliJ IDEA Community Edition 2024.1\bin;;C:\Program Files\JetBrains\PyCharm Community Edition 2022.3.2\bin;;C:\Program Files\JetBrains\IntelliJ IDEA 2023.3.3\bin;;C:\MinGW\bin;C:\Program Files\nodejs\node_modules\npm;C:\Users\NDog\.dotnet\tools
USERNAME=NDog
OS=Windows_NT
PROCESSOR_IDENTIFIER=Intel64 Family 6 Model 151 Stepping 5, GenuineIntel
TMP=C:\Users\NDog\AppData\Local\Temp
TEMP=C:\Users\NDog\AppData\Local\Temp



Periodic native trim disabled

JNI global refs:
JNI global refs: 26, weak refs: 0

JNI global refs memory usage: 843, weak refs: 841

OOME stack traces (most recent first):
Classloader memory used:
Loader org.gradle.internal.classloader.VisitableURLClassLoader                         : 3720K
Loader bootstrap                                                                       : 2490K
Loader org.gradle.initialization.MixInLegacyTypesClassLoader                           : 1073K
Loader org.gradle.internal.classloader.VisitableURLClassLoader                         : 98039B
Loader org.gradle.internal.classloader.VisitableURLClassLoader$InstrumentingVisitableURLClassLoader: 91077B
Loader jdk.internal.loader.ClassLoaders$PlatformClassLoader                            : 65087B
Loader jdk.internal.reflect.DelegatingClassLoader                                      : 33909B
Loader jdk.internal.loader.ClassLoaders$AppClassLoader                                 : 28729B
Loader org.gradle.groovy.scripts.internal.DefaultScriptCompilationHandler$ScriptClassLoader: 10973B
Loader org.codehaus.groovy.runtime.callsite.CallSiteClassLoader                        : 5997B

Classes loaded by more than one classloader:
Class org.gradle.internal.Cast                                                        : loaded 3 times (x 69B)
Class Program                                                                         : loaded 3 times (x 70B)
Class org.gradle.api.GradleException                                                  : loaded 3 times (x 80B)
Class org.gradle.internal.classpath.ClassPath                                         : loaded 2 times (x 68B)
Class org.gradle.api.internal.classpath.DefaultModuleRegistry                         : loaded 2 times (x 84B)
Class org.gradle.internal.exceptions.NonGradleCauseExceptionsHolder                   : loaded 2 times (x 68B)
Class Settings_gradle$1$1                                                             : loaded 2 times (x 72B)
Class org.gradle.api.Action                                                           : loaded 2 times (x 68B)
Class org.jetbrains.kotlin.idea.gradleTooling.model.samWithReceiver.SamWithReceiverModel: loaded 2 times (x 68B)
Class org.jetbrains.plugins.gradle.model.ExternalProject                              : loaded 2 times (x 68B)
Class org.jetbrains.plugins.gradle.model.IntelliJSettings                             : loaded 2 times (x 68B)
Class org.jetbrains.kotlin.idea.gradleTooling.KotlinMPPGradleModel                    : loaded 2 times (x 68B)
Class org.gradle.api.internal.DefaultClassPathProvider                                : loaded 2 times (x 74B)
Class org.gradle.internal.installation.GradleInstallation$1                           : loaded 2 times (x 73B)
Class org.gradle.internal.exceptions.DefaultMultiCauseException                       : loaded 2 times (x 89B)
Class org.gradle.tooling.model.UnsupportedMethodException                             : loaded 2 times (x 80B)
Class org.gradle.internal.time.MonotonicClock                                         : loaded 2 times (x 75B)
Class org.gradle.internal.classloader.FilteringClassLoader                            : loaded 2 times (x 103B)
Class org.gradle.tooling.model.Model                                                  : loaded 2 times (x 68B)
Class org.gradle.internal.classpath.DefaultClassPath$ImmutableUniqueList$Builder      : loaded 2 times (x 73B)
Class org.jetbrains.kotlin.idea.gradleTooling.KotlinSourceSetContainer                : loaded 2 times (x 68B)
Class org.gradle.internal.classloader.ClassLoaderVisitor                              : loaded 2 times (x 74B)
Class org.gradle.internal.time.DefaultCountdownTimer                                  : loaded 2 times (x 86B)
Class org.gradle.internal.service.DefaultServiceLocator                               : loaded 2 times (x 81B)
Class org.gradle.internal.service.UnknownServiceException                             : loaded 2 times (x 81B)
Class org.jetbrains.plugins.gradle.model.DependencyAccessorsModel                     : loaded 2 times (x 68B)
Class org.gradle.internal.classloader.DefaultClassLoaderFactory                       : loaded 2 times (x 80B)
Class org.jetbrains.plugins.gradle.model.GradleExtensions                             : loaded 2 times (x 68B)
Class org.jetbrains.plugins.gradle.model.VersionCatalogsModel                         : loaded 2 times (x 68B)
Class org.gradle.internal.classloader.VisitableURLClassLoader$Spec                    : loaded 2 times (x 72B)
Class org.gradle.tooling.model.ProjectModel                                           : loaded 2 times (x 68B)
Class org.jetbrains.plugins.gradle.model.MavenRepositoryModel                         : loaded 2 times (x 68B)
Class org.gradle.tooling.internal.gradle.DefaultProjectIdentifier                     : loaded 2 times (x 84B)
Class org.gradle.util.GradleVersion                                                   : loaded 2 times (x 81B)
Class org.jetbrains.plugins.gradle.model.RepositoriesModel                            : loaded 2 times (x 68B)
Class kotlin.jvm.internal.markers.KMappedMarker                                       : loaded 2 times (x 68B)
Class org.gradle.api.internal.ClassPathProvider                                       : loaded 2 times (x 68B)
Class org.gradle.internal.classloader.ClasspathUtil$1                                 : loaded 2 times (x 74B)
Class ijInit1_38q1yvijccjjkliw1p6seontn                                               : loaded 2 times (x 177B)
Class org.gradle.internal.classloader.ClassLoaderFactory                              : loaded 2 times (x 68B)
Class org.gradle.api.internal.classpath.ManifestUtil                                  : loaded 2 times (x 69B)
Class org.gradle.api.specs.Spec                                                       : loaded 2 times (x 68B)
Class org.gradle.tooling.internal.gradle.GradleBuildIdentity                          : loaded 2 times (x 68B)
Class org.gradle.internal.IoActions                                                   : loaded 2 times (x 69B)
Class org.gradle.api.internal.classpath.EffectiveClassPath                            : loaded 2 times (x 88B)
Class kotlin.jvm.internal.DefaultConstructorMarker                                    : loaded 2 times (x 69B)
Class org.jetbrains.kotlin.idea.gradleTooling.model.annotation.AnnotationBasedPluginModel: loaded 2 times (x 68B)
Class org.jetbrains.kotlin.idea.gradleTooling.model.assignment.AssignmentModel        : loaded 2 times (x 68B)
Class org.gradle.internal.installation.CurrentGradleInstallation                      : loaded 2 times (x 71B)
Class org.gradle.internal.agents.InstrumentingClassLoader                             : loaded 2 times (x 68B)
Class org.gradle.internal.installation.CurrentGradleInstallationLocator               : loaded 2 times (x 69B)
Class org.gradle.api.internal.classpath.Module                                        : loaded 2 times (x 68B)
Class org.gradle.internal.service.CachingServiceLocator                               : loaded 2 times (x 80B)
Class org.gradle.internal.time.Timer                                                  : loaded 2 times (x 68B)
Class org.jetbrains.plugins.gradle.model.tests.ExternalTestsModel                     : loaded 2 times (x 68B)
Class org.jetbrains.kotlin.idea.gradleTooling.KotlinDslScriptAdditionalTask           : loaded 2 times (x 68B)
Class org.gradle.internal.classpath.DefaultClassPath                                  : loaded 2 times (x 88B)
Class com.intellij.openapi.externalSystem.model.project.dependencies.ProjectDependencies: loaded 2 times (x 68B)
Class org.jetbrains.kotlin.idea.gradleTooling.PrepareKotlinIdeImportTaskModel         : loaded 2 times (x 68B)
Class org.gradle.internal.impldep.com.google.common.base.Preconditions                : loaded 2 times (x 69B)
Class kotlin.jvm.functions.Function1                                                  : loaded 2 times (x 68B)
Class org.gradle.internal.time.Time                                                   : loaded 2 times (x 69B)
Class org.gradle.internal.time.TimeSource$1                                           : loaded 2 times (x 75B)
Class org.gradle.internal.classloader.SystemClassLoaderSpec                           : loaded 2 times (x 69B)
Class kotlin.Function                                                                 : loaded 2 times (x 68B)
Class org.gradle.api.UncheckedIOException                                             : loaded 2 times (x 80B)
Class org.gradle.api.internal.classpath.ModuleRegistry                                : loaded 2 times (x 68B)
Class org.gradle.tooling.internal.gradle.GradleProjectIdentity                        : loaded 2 times (x 68B)
Class org.gradle.internal.time.CountdownTimer                                         : loaded 2 times (x 68B)
Class org.gradle.internal.time.Clock                                                  : loaded 2 times (x 68B)
Class org.gradle.internal.classloader.ClasspathUtil                                   : loaded 2 times (x 69B)
Class org.gradle.tooling.model.BuildIdentifier                                        : loaded 2 times (x 68B)
Class org.gradle.api.internal.DefaultClassPathRegistry                                : loaded 2 times (x 74B)
Class org.gradle.api.internal.classpath.DefaultModuleRegistry$DefaultModule           : loaded 2 times (x 84B)
Class org.gradle.internal.time.TimeSource                                             : loaded 2 times (x 68B)
Class org.jetbrains.kotlin.android.synthetic.idea.AndroidExtensionsGradleModel        : loaded 2 times (x 68B)
Class org.gradle.api.internal.classpath.UnknownModuleException                        : loaded 2 times (x 80B)
Class org.jetbrains.plugins.gradle.model.IntelliJProjectSettings                      : loaded 2 times (x 68B)
Class org.gradle.internal.service.ServiceLookupException                              : loaded 2 times (x 80B)
Class sync_studio_tooling1_2qgcady5ua2rjn6jcl3zvpzub$_run_closure1                    : loaded 2 times (x 137B)
Class org.gradle.cache.GlobalCache                                                    : loaded 2 times (x 68B)
Class org.jetbrains.kotlin.idea.gradleTooling.model.lombok.LombokModel                : loaded 2 times (x 68B)
Class org.gradle.tooling.model.ProjectIdentifier                                      : loaded 2 times (x 68B)
Class [Lorg.gradle.api.internal.ClassPathProvider;                                    : loaded 2 times (x 67B)
Class org.gradle.internal.operations.MultipleBuildOperationFailures                   : loaded 2 times (x 89B)
Class org.gradle.util.internal.GUtil                                                  : loaded 2 times (x 69B)
Class org.jetbrains.plugins.gradle.model.AnnotationProcessingModel                    : loaded 2 times (x 68B)
Class org.gradle.internal.classloader.ClassLoaderSpec                                 : loaded 2 times (x 69B)
Class org.jetbrains.plugins.gradle.model.BuildScriptClasspathModel                    : loaded 2 times (x 68B)
Class sync_studio_tooling1_2qgcady5ua2rjn6jcl3zvpzub                                  : loaded 2 times (x 177B)
Class org.gradle.internal.classloader.VisitableURLClassLoader                         : loaded 2 times (x 115B)
Class org.gradle.internal.installation.GradleInstallation                             : loaded 2 times (x 73B)
Class org.gradle.api.internal.ClassPathRegistry                                       : loaded 2 times (x 68B)
Class org.gradle.internal.classloader.VisitableURLClassLoader$InstrumentingVisitableURLClassLoader: loaded 2 times (x 121B)
Class org.gradle.internal.classloader.ClassLoaderHierarchy                            : loaded 2 times (x 68B)
Class org.gradle.internal.exceptions.MultiCauseException                              : loaded 2 times (x 68B)
Class org.jetbrains.kotlin.idea.gradleTooling.model.parcelize.ParcelizeGradleModel    : loaded 2 times (x 68B)
Class org.gradle.internal.InternalTransformer                                         : loaded 2 times (x 68B)
Class org.jetbrains.kotlin.idea.gradleTooling.model.noarg.NoArgModel                  : loaded 2 times (x 68B)
Class org.jetbrains.kotlin.idea.gradleTooling.KotlinGradleModel                       : loaded 2 times (x 68B)
Class org.gradle.tooling.internal.gradle.DefaultBuildIdentifier                       : loaded 2 times (x 77B)
Class org.gradle.internal.service.ServiceLocator                                      : loaded 2 times (x 68B)
Class Settings_gradle$1                                                               : loaded 2 times (x 72B)
Class org.jetbrains.kotlin.idea.gradleTooling.model.allopen.AllOpenModel              : loaded 2 times (x 68B)
Class org.gradle.internal.classpath.DefaultClassPath$ImmutableUniqueList              : loaded 2 times (x 159B)
Class org.gradle.internal.time.DefaultTimer                                           : loaded 2 times (x 78B)
Class org.gradle.internal.classpath.TransformedClassPath                              : loaded 2 times (x 94B)
Class Settings_gradle                                                                 : loaded 2 times (x 126B)


---------------  S Y S T E M  ---------------

OS:
 Windows 11 , 64 bit Build 22621 (10.0.22621.3672)
OS uptime: 0 days 21:41 hours

CPU: total 12 (initial active 12) (6 cores per cpu, 2 threads per core) family 6 model 151 stepping 5 microcode 0x18, cx8, cmov, fxsr, ht, mmx, 3dnowpref, sse, sse2, sse3, ssse3, sse4.1, sse4.2, popcnt, lzcnt, tsc, tscinvbit, avx, avx2, aes, erms, clmul, bmi1, bmi2, adx, sha, fma, vzeroupper, clflush, clflushopt, clwb
Processor Information for all 12 processors :
  Max Mhz: 2500, Current Mhz: 2500, Mhz Limit: 2500

Memory: 4k page, system-wide physical 32540M (22831M free)
TotalPageFile size 42268M (AvailPageFile size 31705M)
current process WorkingSet (physical memory assigned to process): 361M, peak: 374M
current process commit charge ("private bytes"): 408M, peak: 671M

vm_info: OpenJDK 64-Bit Server VM (17.0.10+0--11572160) for windows-amd64 JRE (17.0.10+0--11572160), built on Mar 13 2024 23:56:38 by "androidbuild" with MS VC++ 16.10 / 16.11 (VS2019)

END.
